"C:/Users/morin/Documents/Unreal Projects/Nokia/Content/Audio/NewSoundClass.uasset" 0
"C:/Users/morin/Documents/Unreal Projects/Nokia/Content/Characters/Player/EDirection.uasset" 1
"../../../Engine/Content/EditorBlueprintResources/StandardMacros.uasset" 2
"C:/Users/morin/Documents/Unreal Projects/Nokia/Content/Audio/BPI_AudioPlayer.uasset" 3
"C:/Users/morin/Documents/Unreal Projects/Nokia/Content/Audio/AudioConcurrencySettings.uasset" 4
"C:/Users/morin/Documents/Unreal Projects/Nokia/Content/Audio/BP_Audio_Player.uasset" 5
"C:/Users/morin/Documents/Unreal Projects/Nokia/Content/Interactables/BP_Device.uasset" 6
"C:/Users/morin/Documents/Unreal Projects/Nokia/Content/Interactables/BPI_Activate.uasset" 7
"C:/Users/morin/Documents/Unreal Projects/Nokia/Content/Interactables/BPI_Interact.uasset" 8
"../../../Engine/Content/Functions/Engine_MaterialFunctions01/Opacity/CameraDepthFade.uasset" 9
"../../../Engine/Content/Functions/Engine_MaterialFunctions02/WorldPositionOffset/LocalPosition.uasset" 10
"../../../Engine/Content/EngineMaterials/T_Default_Material_Grid_M.uasset" 11
"C:/Users/morin/Documents/Unreal Projects/Nokia/Content/Materials/Standard.uasset" 12
"../../../Engine/Content/EngineMaterials/T_Default_Material_Grid_N.uasset" 13
"../../../Engine/Content/EngineMaterials/DefaultMaterial.uasset" 14
"../../../Engine/Content/BasicShapes/Cylinder.uasset" 15
"../../../Engine/Content/BasicShapes/Sphere.uasset" 16
"C:/Users/morin/Documents/Unreal Projects/Nokia/Content/Interactables/BP_Pedestal.uasset" 17
"C:/Users/morin/Documents/Unreal Projects/Nokia/Content/Materials/White.uasset" 18
"C:/Users/morin/Documents/Unreal Projects/Nokia/Content/Interactables/BP_Sphere.uasset" 19
"../../../Engine/Content/EngineMeshes/Cube.uasset" 20
"C:/Users/morin/Documents/Unreal Projects/Nokia/Content/Audio/Activate.uasset" 21
"C:/Users/morin/Documents/Unreal Projects/Nokia/Content/Audio/Deactivate.uasset" 22
"C:/Users/morin/Documents/Unreal Projects/Nokia/Content/Audio/GetSphere.uasset" 23
"C:/Users/morin/Documents/Unreal Projects/Nokia/Content/Characters/Player/FirstPersonCharacter.uasset" 24
"C:/Users/morin/Documents/Unreal Projects/Nokia/Content/Characters/Player/FirstPersonGameMode.uasset" 25
"C:/Users/morin/Documents/Unreal Projects/Nokia/Content/Materials/Black.uasset" 26
"C:/Users/morin/Documents/Unreal Projects/Nokia/Content/Environment/Dungeon/S_Dungeon_Column1.uasset" 27
"C:/Users/morin/Documents/Unreal Projects/Nokia/Content/Environment/Dungeon/BP_Dungeon_Column1.uasset" 28
"C:/Users/morin/Documents/Unreal Projects/Nokia/Content/Environment/Dungeon/S_Dungeon_Column2.uasset" 29
"C:/Users/morin/Documents/Unreal Projects/Nokia/Content/Environment/Dungeon/BP_Dungeon_Column2.uasset" 30
"C:/Users/morin/Documents/Unreal Projects/Nokia/Content/Environment/Dungeon/S_Dungeon_Wall.uasset" 31
"C:/Users/morin/Documents/Unreal Projects/Nokia/Content/Environment/Dungeon/BP_Dungeon_Wall.uasset" 32
"C:/Users/morin/Documents/Unreal Projects/Nokia/Content/Environment/Tree/S_TreeBirch2.uasset" 33
"C:/Users/morin/Documents/Unreal Projects/Nokia/Content/Environment/Tree/S_TreeBirch3.uasset" 34
"C:/Users/morin/Documents/Unreal Projects/Nokia/Content/Environment/Tree/S_TreeBirch4.uasset" 35
"C:/Users/morin/Documents/Unreal Projects/Nokia/Content/Environment/Tree/S_TreeBirch5.uasset" 36
"C:/Users/morin/Documents/Unreal Projects/Nokia/Content/Interactables/Button.uasset" 37
"C:/Users/morin/Documents/Unreal Projects/Nokia/Content/Interactables/EButtonState.uasset" 38
"C:/Users/morin/Documents/Unreal Projects/Nokia/Content/Interactables/Sphere.uasset" 39
"C:/Users/morin/Documents/Unreal Projects/Nokia/Content/Shaders/Tonemapper.uasset" 40
"C:/Users/morin/Documents/Unreal Projects/Nokia/Content/Shaders/Tonemapper_Nokia_Editor.uasset" 41
"../../../Engine/Content/Animation/DefaultAnimCurveCompressionSettings.uasset" 42
"../../../Engine/Content/EngineMaterials/WorldGridMaterial.uasset" 43
"../../../Engine/Content/ArtTools/RenderToTexture/Meshes/S_1_Unit_Plane.uasset" 44
"../../../Engine/Content/BasicShapes/Cone.uasset" 45
"../../../Engine/Content/BasicShapes/Plane.uasset" 46
"../../../Engine/Content/EditorLandscapeResources/DataLayer.uasset" 47
"../../../Engine/Content/EditorMaterials/GizmoMaterial.uasset" 48
"../../../Engine/Content/EditorMaterials/MAT_Groups_Toggle.uasset" 49
"../../../Engine/Content/EditorMaterials/MAT_Groups_Visibility.uasset" 50
"../../../Engine/Content/EditorMaterials/MatineeGroups/MAT_ColorTrack.uasset" 51
"../../../Engine/Content/EditorMaterials/MatineeGroups/MAT_Groups_Anim.uasset" 52
"../../../Engine/Content/EditorMaterials/MatineeGroups/MAT_Groups_AudioMaster.uasset" 53
"../../../Engine/Content/EditorMaterials/MatineeGroups/MAT_Groups_Director.uasset" 54
"../../../Engine/Content/EditorMaterials/MatineeGroups/MAT_Groups_Event.uasset" 55
"../../../Engine/Content/EditorMaterials/MatineeGroups/MAT_Groups_Fade.uasset" 56
"../../../Engine/Content/EditorMaterials/MatineeGroups/MAT_Groups_Float.uasset" 57
"../../../Engine/Content/EditorMaterials/MatineeGroups/MAT_Groups_Move.uasset" 58
"../../../Engine/Content/EditorMaterials/MatineeGroups/MAT_Groups_Slomo.uasset" 59
"../../../Engine/Content/EditorMaterials/MatineeGroups/MAT_Groups_Sound.uasset" 60
"../../../Engine/Content/EditorMaterials/MatineeGroups/MAT_Groups_Vector.uasset" 61
"../../../Engine/Content/EditorMaterials/ParticleSystems/PSysThumbnail_NoImage.uasset" 62
"../../../Engine/Content/EditorMaterials/ParticleSystems/PSysThumbnail_OOD.uasset" 63
"../../../Engine/Content/EditorMaterials/Camera/CineMat.uasset" 64
"../../../Engine/Content/EditorMaterials/Camera/MI_CineMat_Rig.uasset" 65
"../../../Engine/Content/EditorMeshes/Camera/SM_CraneRig_Arm.uasset" 66
"../../../Engine/Content/EditorMeshes/Camera/SM_CraneRig_Base.uasset" 67
"../../../Engine/Content/EditorMeshes/Camera/SM_CraneRig_Body.uasset" 68
"../../../Engine/Content/EditorMeshes/Camera/SM_CraneRig_Mount.uasset" 69
"../../../Engine/Content/EditorMeshes/Camera/SM_RailRig_Mount.uasset" 70
"../../../Engine/Content/EditorMeshes/Camera/SM_RailRig_Track.uasset" 71
"../../../Engine/Content/EditorResources/BSPVertex.uasset" 72
"../../../Engine/Content/EditorResources/EmptyActor.uasset" 73
"../../../Engine/Content/EditorResources/S_Actor.uasset" 74
"../../../Engine/Content/EditorResources/S_Note.uasset" 75
"../../../Engine/Content/EditorResources/S_Solver.uasset" 76
"../../../Engine/Content/EditorResources/S_Trigger.uasset" 77
"../../../Engine/Content/EditorResources/SequenceRecorder/Countdown.uasset" 78
"../../../Engine/Content/EditorResources/SequenceRecorder/RecordingIndicator.uasset" 79
"../../../Engine/Content/EditorSounds/Notifications/CompileFailed.uasset" 80
"../../../Engine/Content/EditorSounds/Notifications/CompileFailed_Cue.uasset" 81
"../../../Engine/Content/EditorSounds/Notifications/CompileSuccess.uasset" 82
"../../../Engine/Content/EditorSounds/Notifications/CompileStart_Cue.uasset" 83
"../../../Engine/Content/EditorSounds/Notifications/CompileSuccess_Cue.uasset" 84
"../../../Engine/Content/EngineDamageTypes/DmgTypeBP_Environmental.uasset" 85
"../../../Engine/Content/EngineDebugMaterials/HeatmapGradient.uasset" 86
"../../../Engine/Content/EngineDebugMaterials/BoneWeightMaterial.uasset" 87
"../../../Engine/Content/EngineDebugMaterials/ClothMaterial.uasset" 88
"../../../Engine/Content/EngineDebugMaterials/ClothMaterial_WF.uasset" 89
"../../../Engine/Content/EngineDebugMaterials/DebugEditorMaterial.uasset" 90
"../../../Engine/Content/EngineDebugMaterials/DebugMeshMaterial.uasset" 91
"../../../Engine/Content/EngineDebugMaterials/GeomMaterial.uasset" 92
"../../../Engine/Content/EngineDebugMaterials/M_SimpleTranslucent.uasset" 93
"../../../Engine/Content/Functions/Engine_MaterialFunctions02/Utility/CameraDirectionVector.uasset" 94
"../../../Engine/Content/EngineDebugMaterials/VolumeToRender.uasset" 95
"../../../Engine/Content/EngineDebugMaterials/M_VolumeRenderSphereTracePP.uasset" 96
"../../../Engine/Content/EngineDebugMaterials/WireframeMaterial.uasset" 97
"../../../Engine/Content/EngineFonts/Faces/RobotoBold.uasset" 98
"../../../Engine/Content/EngineFonts/Faces/RobotoBoldItalic.uasset" 99
"../../../Engine/Content/EngineFonts/Faces/RobotoItalic.uasset" 100
"../../../Engine/Content/EngineFonts/Faces/RobotoLight.uasset" 101
"../../../Engine/Content/EngineFonts/Faces/RobotoRegular.uasset" 102
"../../../Engine/Content/EngineFonts/Roboto.uasset" 103
"../../../Engine/Content/EngineMaterials/BaseFlattenDiffuseMap.uasset" 104
"../../../Engine/Content/EngineMaterials/BaseFlattenEmissiveMap.uasset" 105
"../../../Engine/Content/EngineMaterials/BaseFlattenGrayscaleMap.uasset" 106
"../../../Engine/Content/EngineMaterials/BaseFlattenNormalMap.uasset" 107
"../../../Engine/Content/EngineMaterials/BaseFlattenMaterial.uasset" 108
"../../../Engine/Content/EngineMaterials/BlueNoise.uasset" 109
"../../../Engine/Content/EngineMaterials/DefaultBloomKernel.uasset" 110
"../../../Engine/Content/EngineMaterials/DefaultBokeh.uasset" 111
"../../../Engine/Content/EngineMaterials/DefaultDiffuse.uasset" 112
"../../../Engine/Content/EngineMaterials/DefaultDeferredDecalMaterial.uasset" 113
"../../../Engine/Content/EngineMaterials/DefaultLightFunctionMaterial.uasset" 114
"../../../Engine/Content/EngineMaterials/DefaultPhysicalMaterial.uasset" 115
"../../../Engine/Content/Functions/Engine_MaterialFunctions02/Utility/BreakOutFloat2Components.uasset" 116
"../../../Engine/Content/EngineMaterials/DefaultPostProcessMaterial.uasset" 117
"../../../Engine/Content/EngineFonts/RobotoDistanceField.uasset" 118
"../../../Engine/Content/EngineMaterials/DefaultTextMaterialOpaque.uasset" 119
"../../../Engine/Content/EngineMaterials/DefaultVirtualTextureMaterial.uasset" 120
"../../../Engine/Content/EngineMaterials/DefaultWhiteGrid.uasset" 121
"../../../Engine/Content/EngineMaterials/EditorBrushMaterial.uasset" 122
"../../../Engine/Content/EngineMaterials/DefaultWhiteGrid_Low.uasset" 123
"../../../Engine/Content/EngineMaterials/EmissiveMeshMaterial.uasset" 124
"../../../Engine/Content/EngineMaterials/Good64x64TilingNoiseHighFreq.uasset" 125
"../../../Engine/Content/EngineMaterials/MiniFont.uasset" 126
"../../../Engine/Content/EngineMaterials/InvalidLightmapSettings.uasset" 127
"../../../Engine/Content/EngineMaterials/M_InvalidLightmapSettings.uasset" 128
"../../../Engine/Content/Functions/Engine_MaterialFunctions02/WorldPositionOffset/CameraOffset.uasset" 129
"../../../Engine/Content/EngineMaterials/PhAT_JointLimitMaterial.uasset" 130
"../../../Engine/Content/EngineMaterials/PreintegratedSkinBRDF.uasset" 131
"../../../Engine/Content/EngineMaterials/RemoveSurfaceMaterial.uasset" 132
"../../../Engine/Content/EngineMaterials/WeightMapPlaceholderTexture.uasset" 133
"../../../Engine/Content/EngineResources/WhiteSquareTexture.uasset" 134
"../../../Engine/Content/EngineMaterials/Widget3DPassThrough.uasset" 135
"../../../Engine/Content/EngineMaterials/Widget3DPassThrough_Masked.uasset" 136
"../../../Engine/Content/EngineMaterials/Widget3DPassThrough_Opaque.uasset" 137
"../../../Engine/Content/EngineMaterials/Widget3DPassThrough_Masked_OneSided.uasset" 138
"../../../Engine/Content/EngineMaterials/Widget3DPassThrough_Opaque_OneSided.uasset" 139
"../../../Engine/Content/EngineMaterials/Widget3DPassThrough_Translucent.uasset" 140
"../../../Engine/Content/EngineMaterials/Widget3DPassThrough_Translucent_OneSided.uasset" 141
"../../../Engine/Content/EngineMeshes/Cylinder.uasset" 142
"../../../Engine/Content/EngineMeshes/Sphere.uasset" 143
"../../../Engine/Content/EngineResources/Black.uasset" 144
"../../../Engine/Content/EngineResources/DefaultTexture.uasset" 145
"../../../Engine/Content/EngineResources/DefaultTextureCube.uasset" 146
"../../../Engine/Content/EngineResources/DefaultVolumeTexture2D.uasset" 147
"../../../Engine/Content/EngineResources/DefaultVolumeTexture.uasset" 148
"../../../Engine/Content/EngineResources/GradientTexture0.uasset" 149
"../../../Engine/Content/EngineSounds/Master.uasset" 150
"../../../Engine/Content/Functions/Engine_MaterialFunctions01/Shading/ConvertFromDiffSpec.uasset" 151
"../../../Engine/Content/Functions/Engine_MaterialFunctions01/Shading/PowerToRoughness.uasset" 152
"../../../Engine/Content/Maps/Templates/Thumbnails/Default.uasset" 153
"../../../Engine/Content/Maps/Templates/Thumbnails/VR-Basic.uasset" 154
"../../../Engine/Content/MobileResources/T_MobileControls_texture.uasset" 155
"../../../Engine/Content/MobileResources/T_MobileMenu2.uasset" 156
"../../../Engine/Content/MobileResources/HUD/AnalogHat.uasset" 157
"../../../Engine/Content/MobileResources/HUD/VirtualJoystick_Background.uasset" 158
"../../../Engine/Content/MobileResources/HUD/VirtualJoystick_Thumb.uasset" 159
"../../../Engine/Content/MobileResources/HUD/DefaultVirtualJoysticks.uasset" 160
"../../../Engine/Content/MobileResources/HUD/LeftVirtualJoystickOnly.uasset" 161
"../../../Engine/Content/MobileResources/HUD/MobileHUDButton1_off.uasset" 162
"../../../Engine/Content/MobileResources/HUD/MobileHUDButton1_on.uasset" 163
"../../../Engine/Content/MobileResources/HUD/MobileHUDButton2_off.uasset" 164
"../../../Engine/Content/MobileResources/HUD/MobileHUDButton2_on.uasset" 165
"../../../Engine/Content/MobileResources/HUD/MobileHUDButton3.uasset" 166
"../../../Engine/Content/MobileResources/HUD/MobileHUDButtonFire.uasset" 167
"../../../Engine/Content/MobileResources/HUD/MobileHUDDirectionPad.uasset" 168
"../../../Engine/Content/MobileResources/HUD/MobileHUDDirectionPad2.uasset" 169
"../../../Engine/Content/MobileResources/HUD/MobileHUDDirectionPad3.uasset" 170
"../../../Engine/Content/MobileResources/HUD/MobileHUDDirectionStick.uasset" 171
"../../../Engine/Content/MobileResources/HUD/T_Castle_ThumbstickInner.uasset" 172
"../../../Engine/Content/MobileResources/HUD/T_Castle_ThumbstickOutter.uasset" 173
"../../../Engine/Content/Tutorial/ContentIntroCurve.uasset" 174
"../../../Engine/Content/Tutorial/Basics/LevelEditorAttract.uasset" 175
"../../../Engine/Content/VREditor/LaserPointer/VR_LaserPower_01.uasset" 176
"../../../Engine/Content/VREditor/TransformGizmo/TransformGizmoMaterial.uasset" 177
"../../../Engine/Content/VREditor/TransformGizmo/TranslucentTransformGizmoMaterial.uasset" 178
"../../../Engine/Content/VREditor/TransformGizmo/BoundingBoxCorner.uasset" 179
"../../../Engine/Content/VREditor/TransformGizmo/BoundingBoxEdge.uasset" 180
"../../../Engine/Content/VREditor/TransformGizmo/PlaneTranslationHandle.uasset" 181
"../../../Engine/Content/VREditor/TransformGizmo/Main.uasset" 182
"../../../Engine/Content/VREditor/TransformGizmo/Xray.uasset" 183
"../../../Engine/Content/VREditor/TransformGizmo/SM_Sequencer_Key.uasset" 184
"../../../Engine/Content/VREditor/TransformGizmo/SM_Sequencer_Node.uasset" 185
"../../Plugins/2D/Paper2D/Content/PlaceholderTextures/DummySpriteTexture.uasset" 186
"../../Plugins/2D/Paper2D/Content/DummySprite.uasset" 187
"../../Plugins/2D/Paper2D/Content/DefaultPaperTerrainMaterial.uasset" 188
"../../Plugins/2D/Paper2D/Content/DummySpriteTexture.uasset" 189
"../../Plugins/2D/Paper2D/Content/DefaultSpriteMaterial.uasset" 190
"../../Plugins/2D/Paper2D/Content/MaskedUnlitSpriteMaterial.uasset" 191
"../../Plugins/2D/Paper2D/Content/OpaqueUnlitSpriteMaterial.uasset" 192
"../../Plugins/Runtime/Oculus/OculusVR/Content/OculusMR_RenderTarget.uasset" 193
"../../../Engine/Content/Functions/Engine_MaterialFunctions02/Utility/BreakOutFloat4Components.uasset" 194
"../../../Engine/Content/Functions/Engine_MaterialFunctions02/Utility/MakeFloat2.uasset" 195
"../../../Engine/Content/Functions/Engine_MaterialFunctions02/Utility/MakeFloat3.uasset" 196
"../../Plugins/Runtime/Oculus/OculusVR/Content/Materials/OculusMR_ChromaKey.uasset" 197
"../../Plugins/Runtime/Oculus/OculusVR/Content/Materials/OculusMR_ChromaKey_Lit.uasset" 198
"../../Plugins/Runtime/Oculus/OculusVR/Content/Materials/OculusMR_OpaqueColoredMaterial.uasset" 199
"../../Plugins/Runtime/Oculus/OculusVR/Content/Materials/OculusMR_WhiteMaterial.uasset" 200
"C:/Users/morin/Documents/Unreal Projects/Nokia/Content/Audio/BP_AudioPlayer.uasset" 201
"C:/Users/morin/Documents/Unreal Projects/Nokia/Content/Interactables/Arch_Arch.uasset" 202
"C:/Users/morin/Documents/Unreal Projects/Nokia/Content/Environment/Dungeon/BP_Dungeon_Arch.uasset" 203
"C:/Users/morin/Documents/Unreal Projects/Nokia/Content/Environment/Dungeon/S_Dungeon_Statue_Horse.uasset" 204
"C:/Users/morin/Documents/Unreal Projects/Nokia/Content/Environment/Dungeon/S_Dungeon_Statue_Pedestal.uasset" 205
"C:/Users/morin/Documents/Unreal Projects/Nokia/Content/Environment/Dungeon/BP_Dungeon_Statue_Horse.uasset" 206
"C:/Users/morin/Documents/Unreal Projects/Nokia/Content/Environment/Medieval/ModularStoneWall.uasset" 207
"C:/Users/morin/Documents/Unreal Projects/Nokia/Content/Environment/Medieval/BP_Wall_Medieval.uasset" 208
"../../../Engine/Content/BasicShapes/Cube.uasset" 209
"C:/Users/morin/Documents/Unreal Projects/Nokia/Content/Environment/Simple/BP_Floor_Simple.uasset" 210
"C:/Users/morin/Documents/Unreal Projects/Nokia/Content/Environment/Simple/BP_Wall_Simple.uasset" 211
"C:/Users/morin/Documents/Unreal Projects/Nokia/Content/Environment/Simple/BP_Wall_Window.uasset" 212
"C:/Users/morin/Documents/Unreal Projects/Nokia/Content/Environment/Tree/S_TreeBirch1.uasset" 213
"C:/Users/morin/Documents/Unreal Projects/Nokia/Content/Environment/Tree/BP_TreeBirch.uasset" 214
"C:/Users/morin/Documents/Unreal Projects/Nokia/Content/Interactables/Arch_Door_bottompivot.uasset" 215
"C:/Users/morin/Documents/Unreal Projects/Nokia/Content/Interactables/BP_Door.uasset" 216
"../../../Engine/Content/Functions/Engine_MaterialFunctions01/Gradient/LinearGradient.uasset" 217
"../../../Engine/Content/Functions/Engine_MaterialFunctions01/ImageAdjustment/CheapContrast.uasset" 218
"../../../Engine/Content/Functions/Engine_MaterialFunctions02/SafeNormalize.uasset" 219
"../../../Engine/Content/Functions/Engine_MaterialFunctions02/Math/CreateThirdOrthogonalVector.uasset" 220
"../../../Engine/Content/Functions/Engine_MaterialFunctions02/Utility/BreakOutFloat3Components.uasset" 221
"../../../Engine/Content/Functions/Engine_MaterialFunctions02/Math/Transform3x3Matrix.uasset" 222
"../../../Engine/Content/Functions/Engine_MaterialFunctions02/ExampleContent/Textures/SphereRenderNormalsMap.uasset" 223
"../../../Engine/Content/Functions/Engine_MaterialFunctions02/WorldAlignedNormals_HighQuality.uasset" 224
"../../../Engine/Content/EngineMaterials/DefaultNormal_Uncompressed.uasset" 225
"../../../Engine/Content/Functions/Engine_MaterialFunctions01/Texturing/WorldAlignedNormal.uasset" 226
"../../../Engine/Content/Functions/Engine_MaterialFunctions02/SampleSceneDepth.uasset" 227
"../../../Engine/Content/Functions/Engine_MaterialFunctions02/Utility/DepthFromWorldPosition.uasset" 228
"../../../Engine/Content/Functions/Engine_MaterialFunctions02/Utility/VectorLength.uasset" 229
"C:/Users/morin/Documents/Unreal Projects/Nokia/Content/Shaders/OutlineShader.uasset" 230
"C:/Users/morin/Documents/Unreal Projects/Nokia/Content/Shaders/OutlineShader_Nokia.uasset" 231
"C:/Users/morin/Documents/Unreal Projects/Nokia/Content/Shaders/PixelShader.uasset" 232
"C:/Users/morin/Documents/Unreal Projects/Nokia/Content/Shaders/PixelShader_Nokia.uasset" 233
"C:/Users/morin/Documents/Unreal Projects/Nokia/Content/Shaders/Tonemapper_Nokia.uasset" 234
"C:/Users/morin/Documents/Unreal Projects/Nokia/Content/NokiaShader.uasset" 235
"C:/Users/morin/Documents/Unreal Projects/Nokia/Content/Maps/TestMap.umap" 236
"../../../Engine/Content/Maps/Entry_BuiltData.uasset" 237
"../../../Engine/Content/Maps/Entry.umap" 238
