Log file open, 02/13/21 00:00:17
LogWindows: Failed to load 'aqProf.dll' (GetLastError=126)
LogWindows: File 'aqProf.dll' does not exist
LogWindows: Failed to load 'VtuneApi.dll' (GetLastError=126)
LogWindows: File 'VtuneApi.dll' does not exist
LogWindows: Failed to load 'VtuneApi32e.dll' (GetLastError=126)
LogWindows: File 'VtuneApi32e.dll' does not exist
LogConsoleResponse: Display: Failed to find resolution value strings in scalability ini. Falling back to default.
LogInit: Display: Running engine for game: Nokia
LogPlatformFile: Not using cached read wrapper
LogTaskGraph: Started task graph with 5 named threads and 20 total threads with 3 sets of task threads.
LogStats: Stats thread started at 0.062784
LogD3D11RHI: Loaded GFSDK_Aftermath_Lib.x64.dll
LogICUInternationalization: ICU TimeZone Detection - Raw Offset: +1:00, Platform Override: ''
LogPluginManager: Mounting plugin Paper2D
LogPluginManager: Mounting plugin AISupport
LogPluginManager: Mounting plugin LightPropagationVolume
LogPluginManager: Mounting plugin ActorLayerUtilities
LogPluginManager: Mounting plugin AnimationSharing
LogPluginManager: Mounting plugin CLionSourceCodeAccess
LogPluginManager: Mounting plugin CodeLiteSourceCodeAccess
LogPluginManager: Mounting plugin GitSourceControl
LogPluginManager: Mounting plugin KDevelopSourceCodeAccess
LogPluginManager: Mounting plugin NullSourceCodeAccess
LogPluginManager: Mounting plugin PerforceSourceControl
LogPluginManager: Mounting plugin SubversionSourceControl
LogPluginManager: Mounting plugin UObjectPlugin
LogPluginManager: Mounting plugin VisualStudioCodeSourceCodeAccess
LogPluginManager: Mounting plugin VisualStudioSourceCodeAccess
LogPluginManager: Mounting plugin XCodeSourceCodeAccess
LogPluginManager: Mounting plugin AssetManagerEditor
LogPluginManager: Mounting plugin CryptoKeys
LogPluginManager: Mounting plugin CurveEditorTools
LogPluginManager: Mounting plugin DataValidation
LogPluginManager: Mounting plugin FacialAnimation
LogPluginManager: Mounting plugin GameplayTagsEditor
LogPluginManager: Mounting plugin MacGraphicsSwitching
LogPluginManager: Mounting plugin MaterialAnalyzer
LogPluginManager: Mounting plugin MobileLauncherProfileWizard
LogPluginManager: Mounting plugin PluginBrowser
LogPluginManager: Mounting plugin SpeedTreeImporter
LogPluginManager: Mounting plugin DatasmithContent
LogPluginManager: Mounting plugin VariantManagerContent
LogPluginManager: Mounting plugin AlembicImporter
LogPluginManager: Mounting plugin AutomationUtils
LogPluginManager: Mounting plugin BackChannel
LogPluginManager: Mounting plugin CharacterAI
LogPluginManager: Mounting plugin GeometryCache
LogPluginManager: Mounting plugin HTML5Networking
LogPluginManager: Mounting plugin PlatformCrypto
LogPluginManager: Mounting plugin ProxyLODPlugin
LogPluginManager: Mounting plugin SkeletalReduction
LogPluginManager: Mounting plugin MagicLeap
LogPluginManager: Mounting plugin MagicLeapMedia
LogPluginManager: Mounting plugin AndroidMedia
LogPluginManager: Mounting plugin AvfMedia
LogPluginManager: Mounting plugin ImgMedia
LogPluginManager: Mounting plugin MediaCompositing
LogPluginManager: Mounting plugin MediaPlayerEditor
LogPluginManager: Mounting plugin WebMMedia
LogPluginManager: Mounting plugin WmfMedia
LogPluginManager: Mounting plugin TcpMessaging
LogPluginManager: Mounting plugin UdpMessaging
LogPluginManager: Mounting plugin ActorSequence
LogPluginManager: Mounting plugin LevelSequenceEditor
LogPluginManager: Mounting plugin MatineeToLevelSequence
LogPluginManager: Mounting plugin NetcodeUnitTest
LogPluginManager: Mounting plugin NUTUnrealEngine4
LogPluginManager: Mounting plugin OnlineSubsystemGooglePlay
LogPluginManager: Mounting plugin OnlineSubsystemIOS
LogPluginManager: Mounting plugin OnlineSubsystem
LogPluginManager: Mounting plugin OnlineSubsystemNull
LogPluginManager: Mounting plugin OnlineSubsystemUtils
LogPluginManager: Mounting plugin LauncherChunkInstaller
LogPluginManager: Mounting plugin AndroidDeviceProfileSelector
LogPluginManager: Mounting plugin AndroidMoviePlayer
LogPluginManager: Mounting plugin AndroidPermission
LogPluginManager: Mounting plugin AppleImageUtils
LogPluginManager: Mounting plugin AppleMoviePlayer
LogPluginManager: Mounting plugin ArchVisCharacter
LogPluginManager: Mounting plugin AudioCapture
LogPluginManager: Mounting plugin CableComponent
LogPluginManager: Mounting plugin CustomMeshComponent
LogPluginManager: Mounting plugin EditableMesh
LogPluginManager: Mounting plugin ExampleDeviceProfileSelector
LogPluginManager: Mounting plugin GoogleCloudMessaging
LogPluginManager: Mounting plugin IOSDeviceProfileSelector
LogPluginManager: Mounting plugin LinuxDeviceProfileSelector
LogPluginManager: Mounting plugin LocationServicesBPLibrary
LogPluginManager: Mounting plugin MobilePatchingUtils
LogPluginManager: Mounting plugin OculusVR
LogPluginManager: Mounting plugin PhysXVehicles
LogPluginManager: Mounting plugin ProceduralMeshComponent
LogPluginManager: Mounting plugin RuntimePhysXCooking
LogPluginManager: Mounting plugin SignificanceManager
LogPluginManager: Mounting plugin SteamVR
LogPluginManager: Mounting plugin WebMMoviePlayer
LogPluginManager: Mounting plugin WindowsMoviePlayer
LogPluginManager: Mounting plugin ScreenshotTools
LogInit: Using libcurl 7.55.1-DEV
LogInit:  - built for x86_64-pc-win32
LogInit:  - supports SSL with OpenSSL/1.1.1
LogInit:  - supports HTTP deflate (compression) using libz 1.2.8
LogInit:  - other features:
LogInit:      CURL_VERSION_SSL
LogInit:      CURL_VERSION_LIBZ
LogInit:      CURL_VERSION_IPV6
LogInit:      CURL_VERSION_ASYNCHDNS
LogInit:      CURL_VERSION_LARGEFILE
LogInit:      CURL_VERSION_IDN
LogInit:  CurlRequestOptions (configurable via config and command line):
LogInit:  - bVerifyPeer = true  - Libcurl will verify peer certificate
LogInit:  - bUseHttpProxy = false  - Libcurl will NOT use HTTP proxy
LogInit:  - bDontReuseConnections = false  - Libcurl will reuse connections
LogInit:  - MaxHostConnections = 16  - Libcurl will limit the number of connections to a host
LogInit:  - LocalHostAddr = Default
LogInit:  - BufferSize = 65536
LogOnline: OSS: Creating online subsystem instance for: NULL
LogInit: WinSock: version 1.1 (2.2), MaxSocks=32767, MaxUdp=65467
LogInit: Build: ++UE4+Release-4.23-CL-9631420
LogInit: Engine Version: 4.23.1-9631420+++UE4+Release-4.23
LogInit: Compatible Engine Version: 4.23.0-8386587+++UE4+Release-4.23
LogInit: Net CL: 8386587
LogInit: OS: Windows 10 (Release 2004) (), CPU: Intel(R) Core(TM) i5-9400F CPU @ 2.90GHz, GPU: NVIDIA GeForce GTX 1050 Ti
LogInit: Compiled (64-bit): Oct 18 2019 02:07:44
LogInit: Compiled with Visual C++: 19.16.27030.01
LogInit: Build Configuration: Development
LogInit: Branch Name: ++UE4+Release-4.23
LogInit: Command Line:  /Game/Levels/TestLevel -game -PIEVIACONSOLE -ResX=840 -ResY=480 -Multiprocess -messaging -SessionName="Play in Standalone Game" -windowed
LogInit: Base Directory: D:/Epic Games/UE_4.23/Engine/Binaries/Win64/
LogInit: Installed Engine Build: 1
LogDevObjectVersion: Number of dev versions registered: 23
LogDevObjectVersion:   Dev-Blueprints (B0D832E4-1F89-4F0D-ACCF-7EB736FD4AA2): 10
LogDevObjectVersion:   Dev-Build (E1C64328-A22C-4D53-A36C-8E866417BD8C): 0
LogDevObjectVersion:   Dev-Core (375EC13C-06E4-48FB-B500-84F0262A717E): 3
LogDevObjectVersion:   Dev-Editor (E4B068ED-F494-42E9-A231-DA0B2E46BB41): 34
LogDevObjectVersion:   Dev-Framework (CFFC743F-43B0-4480-9391-14DF171D2073): 35
LogDevObjectVersion:   Dev-Mobile (B02B49B5-BB20-44E9-A304-32B752E40360): 2
LogDevObjectVersion:   Dev-Networking (A4E4105C-59A1-49B5-A7C5-40C4547EDFEE): 0
LogDevObjectVersion:   Dev-Online (39C831C9-5AE6-47DC-9A44-9C173E1C8E7C): 0
LogDevObjectVersion:   Dev-Physics (78F01B33-EBEA-4F98-B9B4-84EACCB95AA2): 0
LogDevObjectVersion:   Dev-Platform (6631380F-2D4D-43E0-8009-CF276956A95A): 0
LogDevObjectVersion:   Dev-Rendering (12F88B9F-8875-4AFC-A67C-D90C383ABD29): 31
LogDevObjectVersion:   Dev-Sequencer (7B5AE74C-D270-4C10-A958-57980B212A5A): 11
LogDevObjectVersion:   Dev-VR (D7296918-1DD6-4BDD-9DE2-64A83CC13884): 2
LogDevObjectVersion:   Dev-LoadTimes (C2A15278-BFE7-4AFE-6C17-90FF531DF755): 1
LogDevObjectVersion:   Private-Geometry (6EACA3D4-40EC-4CC1-B786-8BED09428FC5): 3
LogDevObjectVersion:   Dev-AnimPhys (29E575DD-E0A3-4627-9D10-D276232CDCEA): 17
LogDevObjectVersion:   Dev-Anim (AF43A65D-7FD3-4947-9873-3E8ED9C1BB05): 2
LogDevObjectVersion:   Dev-ReflectionCapture (6B266CEC-1EC7-4B8F-A30B-E4D90942FC07): 1
LogDevObjectVersion:   Dev-Automation (0DF73D61-A23F-47EA-B727-89E90C41499A): 1
LogDevObjectVersion:   FortniteMain (601D1886-AC64-4F84-AA16-D3DE0DEAC7D6): 27
LogDevObjectVersion:   Dev-Enterprise (9DFFBCD6-494F-0158-E221-12823C92A888): 6
LogDevObjectVersion:   Dev-Niagara (F2AED0AC-9AFE-416F-8664-AA7FFA26D6FC): 1
LogDevObjectVersion:   Dev-Destruction (174F1F0B-B4C6-45A5-B13F-2EE8D0FB917D): 9
LogInit: Presizing for max 16777216 objects, including 0 objects not considered by GC, pre-allocating 0 bytes for permanent pool.
LogInit: Object subsystem initialized
LogConfig: Setting CVar [[con.DebugEarlyDefault:1]]
LogConfig: Setting CVar [[r.setres:1280x720]]
[2021.02.12-23.00.17:503][  0]LogConfig: Setting CVar [[con.DebugEarlyDefault:1]]
[2021.02.12-23.00.17:503][  0]LogConfig: Setting CVar [[r.setres:1280x720]]
[2021.02.12-23.00.17:504][  0]LogConfig: Applying CVar settings from Section [/Script/Engine.RendererSettings] File [C:/Users/morin/Documents/Unreal Projects/Nokia - Copia (2)/Saved/Config/Windows/Engine.ini]
[2021.02.12-23.00.17:504][  0]LogConfig: Setting CVar [[r.GPUCrashDebugging:0]]
[2021.02.12-23.00.17:504][  0]LogConfig: Setting CVar [[r.CustomDepth:0]]
[2021.02.12-23.00.17:504][  0]LogConfig: Setting CVar [[r.CustomDepthTemporalAAJitter:0]]
[2021.02.12-23.00.17:504][  0]LogConfig: Setting CVar [[r.MobileHDR:1]]
[2021.02.12-23.00.17:504][  0]LogConfig: Setting CVar [[r.Shadow.CSM.MaxMobileCascades:1]]
[2021.02.12-23.00.17:504][  0]LogConfig: Setting CVar [[r.Mobile.EnableMovableLightCSMShaderCulling:0]]
[2021.02.12-23.00.17:504][  0]LogConfig: Setting CVar [[r.AllowOcclusionQueries:0]]
[2021.02.12-23.00.17:504][  0]LogConfig: Setting CVar [[r.TextureStreaming:0]]
[2021.02.12-23.00.17:504][  0]LogConfig: Setting CVar [[r.VertexFoggingForOpaque:0]]
[2021.02.12-23.00.17:504][  0]LogConfig: Setting CVar [[r.ForwardShading:0]]
[2021.02.12-23.00.17:504][  0]LogConfig: Setting CVar [[r.AllowStaticLighting:1]]
[2021.02.12-23.00.17:504][  0]LogConfig: Setting CVar [[r.NormalMapsForStaticLighting:0]]
[2021.02.12-23.00.17:504][  0]LogConfig: Setting CVar [[r.DBuffer:0]]
[2021.02.12-23.00.17:504][  0]LogConfig: Setting CVar [[r.LightPropagationVolume:0]]
[2021.02.12-23.00.17:504][  0]LogConfig: Setting CVar [[r.TessellationAdaptivePixelsPerTriangle:0.000000]]
[2021.02.12-23.00.17:504][  0]LogConfig: Setting CVar [[r.DefaultFeature.Bloom:0]]
[2021.02.12-23.00.17:504][  0]LogConfig: Setting CVar [[r.DefaultFeature.AmbientOcclusion:0]]
[2021.02.12-23.00.17:504][  0]LogConfig: Setting CVar [[r.DefaultFeature.AmbientOcclusionStaticFraction:0]]
[2021.02.12-23.00.17:504][  0]LogConfig: Setting CVar [[r.DefaultFeature.AutoExposure:0]]
[2021.02.12-23.00.17:504][  0]LogConfig: Setting CVar [[r.UsePreExposure:0]]
[2021.02.12-23.00.17:504][  0]LogConfig: Setting CVar [[r.DefaultFeature.MotionBlur:0]]
[2021.02.12-23.00.17:504][  0]LogConfig: Setting CVar [[r.DefaultFeature.AntiAliasing:0]]
[2021.02.12-23.00.17:504][  0]LogConfig: Setting CVar [[r.DefaultFeature.LightUnits:1]]
[2021.02.12-23.00.17:504][  0]LogConfig: Setting CVar [[r.DefaultBackBufferPixelFormat:4]]
[2021.02.12-23.00.17:504][  0]LogConfig: Setting CVar [[r.Shadow.UnbuiltPreviewInGame:1]]
[2021.02.12-23.00.17:504][  0]LogConfig: Setting CVar [[r.EarlyZPass:0]]
[2021.02.12-23.00.17:504][  0]LogConfig: Setting CVar [[r.ClearSceneMethod:1]]
[2021.02.12-23.00.17:504][  0]LogConfig: Setting CVar [[r.SupportStationarySkylight:0]]
[2021.02.12-23.00.17:504][  0]LogConfig: Setting CVar [[r.SupportLowQualityLightmaps:1]]
[2021.02.12-23.00.17:504][  0]LogConfig: Setting CVar [[r.SupportPointLightWholeSceneShadows:0]]
[2021.02.12-23.00.17:504][  0]LogConfig: Setting CVar [[r.SupportAtmosphericFog:0]]
[2021.02.12-23.00.17:504][  0]LogConfig: Setting CVar [[r.Mobile.DisableVertexFog:1]]
[2021.02.12-23.00.17:504][  0]LogConfig: Setting CVar [[r.PrecomputedVisibilityWarning:0]]
[2021.02.12-23.00.17:504][  0]LogConfig: Setting CVar [[Compat.UseDXT5NormalMaps:0]]
[2021.02.12-23.00.17:504][  0]LogConfig: Setting CVar [[r.VirtualTextures:0]]
[2021.02.12-23.00.17:504][  0]LogConfig: Setting CVar [[r.ReflectionEnvironmentLightmapMixBasedOnRoughness:0]]
[2021.02.12-23.00.17:504][  0]LogConfig: Setting CVar [[r.ReflectionCaptureResolution:8]]
[2021.02.12-23.00.17:504][  0]LogConfig: Setting CVar [[r.DefaultFeature.AutoExposure.Method:2]]
[2021.02.12-23.00.17:504][  0]LogConfig: Setting CVar [[r.DefaultFeature.LensFlare:0]]
[2021.02.12-23.00.17:504][  0]LogConfig: Setting CVar [[r.DefaultFeature.AutoExposure.ExtendDefaultLuminanceRange:0]]
[2021.02.12-23.00.17:504][  0]LogConfig: Setting CVar [[r.EyeAdaptation.EditorOnly:0]]
[2021.02.12-23.00.17:504][  0]LogConfig: Setting CVar [[r.PostProcessing.PropagateAlpha:0]]
[2021.02.12-23.00.17:504][  0]LogConfig: Setting CVar [[r.TranslucentSortPolicy:0]]
[2021.02.12-23.00.17:504][  0]LogConfig: Setting CVar [[r.SeparateTranslucency:0]]
[2021.02.12-23.00.17:504][  0]LogConfig: Applying CVar settings from Section [/Script/Engine.RendererOverrideSettings] File [C:/Users/morin/Documents/Unreal Projects/Nokia - Copia (2)/Saved/Config/Windows/Engine.ini]
[2021.02.12-23.00.17:504][  0]LogConfig: Applying CVar settings from Section [/Script/Engine.StreamingSettings] File [C:/Users/morin/Documents/Unreal Projects/Nokia - Copia (2)/Saved/Config/Windows/Engine.ini]
[2021.02.12-23.00.17:504][  0]LogConfig: Setting CVar [[s.MinBulkDataSizeForAsyncLoading:131072]]
[2021.02.12-23.00.17:504][  0]LogConfig: Setting CVar [[s.AsyncLoadingThreadEnabled:0]]
[2021.02.12-23.00.17:504][  0]LogConfig: Setting CVar [[s.EventDrivenLoaderEnabled:1]]
[2021.02.12-23.00.17:504][  0]LogConfig: Setting CVar [[s.WarnIfTimeLimitExceeded:0]]
[2021.02.12-23.00.17:504][  0]LogConfig: Setting CVar [[s.TimeLimitExceededMultiplier:1.5]]
[2021.02.12-23.00.17:504][  0]LogConfig: Setting CVar [[s.TimeLimitExceededMinTime:0.005]]
[2021.02.12-23.00.17:504][  0]LogConfig: Setting CVar [[s.UseBackgroundLevelStreaming:1]]
[2021.02.12-23.00.17:504][  0]LogConfig: Setting CVar [[s.PriorityAsyncLoadingExtraTime:15.0]]
[2021.02.12-23.00.17:504][  0]LogConfig: Setting CVar [[s.LevelStreamingActorsUpdateTimeLimit:5.0]]
[2021.02.12-23.00.17:504][  0]LogConfig: Setting CVar [[s.PriorityLevelStreamingActorsUpdateExtraTime:5.0]]
[2021.02.12-23.00.17:504][  0]LogConfig: Setting CVar [[s.LevelStreamingComponentsRegistrationGranularity:10]]
[2021.02.12-23.00.17:504][  0]LogConfig: Setting CVar [[s.UnregisterComponentsTimeLimit:1.0]]
[2021.02.12-23.00.17:504][  0]LogConfig: Setting CVar [[s.LevelStreamingComponentsUnregistrationGranularity:5]]
[2021.02.12-23.00.17:504][  0]LogConfig: Applying CVar settings from Section [/Script/Engine.GarbageCollectionSettings] File [C:/Users/morin/Documents/Unreal Projects/Nokia - Copia (2)/Saved/Config/Windows/Engine.ini]
[2021.02.12-23.00.17:504][  0]LogConfig: Setting CVar [[gc.MaxObjectsNotConsideredByGC:1]]
[2021.02.12-23.00.17:504][  0]LogConfig: Setting CVar [[gc.SizeOfPermanentObjectPool:0]]
[2021.02.12-23.00.17:504][  0]LogConfig: Setting CVar [[gc.FlushStreamingOnGC:0]]
[2021.02.12-23.00.17:504][  0]LogConfig: Setting CVar [[gc.NumRetriesBeforeForcingGC:10]]
[2021.02.12-23.00.17:504][  0]LogConfig: Setting CVar [[gc.AllowParallelGC:1]]
[2021.02.12-23.00.17:504][  0]LogConfig: Setting CVar [[gc.TimeBetweenPurgingPendingKillObjects:61.1]]
[2021.02.12-23.00.17:504][  0]LogConfig: Setting CVar [[gc.MaxObjectsInEditor:16777216]]
[2021.02.12-23.00.17:504][  0]LogConfig: Setting CVar [[gc.IncrementalBeginDestroyEnabled:1]]
[2021.02.12-23.00.17:504][  0]LogConfig: Setting CVar [[gc.CreateGCClusters:1]]
[2021.02.12-23.00.17:504][  0]LogConfig: Setting CVar [[gc.MinGCClusterSize:5]]
[2021.02.12-23.00.17:504][  0]LogConfig: Setting CVar [[gc.ActorClusteringEnabled:0]]
[2021.02.12-23.00.17:504][  0]LogConfig: Setting CVar [[gc.BlueprintClusteringEnabled:0]]
[2021.02.12-23.00.17:504][  0]LogConfig: Setting CVar [[gc.UseDisregardForGCOnDedicatedServers:0]]
[2021.02.12-23.00.17:504][  0]LogConfig: Applying CVar settings from Section [/Script/Engine.NetworkSettings] File [C:/Users/morin/Documents/Unreal Projects/Nokia - Copia (2)/Saved/Config/Windows/Engine.ini]
[2021.02.12-23.00.17:504][  0]LogConfig: Applying CVar settings from Section [/Script/UnrealEd.CookerSettings] File [C:/Users/morin/Documents/Unreal Projects/Nokia - Copia (2)/Saved/Config/Windows/Engine.ini]
[2021.02.12-23.00.17:506][  0]LogConfig: Applying CVar settings from Section [ViewDistanceQuality@3] File [C:/Users/morin/Documents/Unreal Projects/Nokia - Copia (2)/Saved/Config/Windows/Scalability.ini]
[2021.02.12-23.00.17:506][  0]LogConfig: Setting CVar [[r.SkeletalMeshLODBias:0]]
[2021.02.12-23.00.17:506][  0]LogConfig: Setting CVar [[r.ViewDistanceScale:1.0]]
[2021.02.12-23.00.17:506][  0]LogConfig: Applying CVar settings from Section [AntiAliasingQuality@3] File [C:/Users/morin/Documents/Unreal Projects/Nokia - Copia (2)/Saved/Config/Windows/Scalability.ini]
[2021.02.12-23.00.17:506][  0]LogConfig: Setting CVar [[r.PostProcessAAQuality:4]]
[2021.02.12-23.00.17:506][  0]LogConfig: Applying CVar settings from Section [ShadowQuality@3] File [C:/Users/morin/Documents/Unreal Projects/Nokia - Copia (2)/Saved/Config/Windows/Scalability.ini]
[2021.02.12-23.00.17:506][  0]LogConfig: Setting CVar [[r.LightFunctionQuality:1]]
[2021.02.12-23.00.17:506][  0]LogConfig: Setting CVar [[r.ShadowQuality:5]]
[2021.02.12-23.00.17:506][  0]LogConfig: Setting CVar [[r.Shadow.CSM.MaxCascades:10]]
[2021.02.12-23.00.17:506][  0]LogConfig: Setting CVar [[r.Shadow.MaxResolution:2048]]
[2021.02.12-23.00.17:506][  0]LogConfig: Setting CVar [[r.Shadow.MaxCSMResolution:2048]]
[2021.02.12-23.00.17:506][  0]LogConfig: Setting CVar [[r.Shadow.RadiusThreshold:0.01]]
[2021.02.12-23.00.17:506][  0]LogConfig: Setting CVar [[r.Shadow.DistanceScale:1.0]]
[2021.02.12-23.00.17:506][  0]LogConfig: Setting CVar [[r.Shadow.CSM.TransitionScale:1.0]]
[2021.02.12-23.00.17:506][  0]LogConfig: Setting CVar [[r.Shadow.PreShadowResolutionFactor:1.0]]
[2021.02.12-23.00.17:506][  0]LogConfig: Setting CVar [[r.DistanceFieldShadowing:1]]
[2021.02.12-23.00.17:507][  0]LogConfig: Setting CVar [[r.DistanceFieldAO:1]]
[2021.02.12-23.00.17:507][  0]LogConfig: Setting CVar [[r.AOQuality:2]]
[2021.02.12-23.00.17:507][  0]LogConfig: Setting CVar [[r.VolumetricFog:1]]
[2021.02.12-23.00.17:507][  0]LogConfig: Setting CVar [[r.VolumetricFog.GridPixelSize:8]]
[2021.02.12-23.00.17:507][  0]LogConfig: Setting CVar [[r.VolumetricFog.GridSizeZ:128]]
[2021.02.12-23.00.17:507][  0]LogConfig: Setting CVar [[r.VolumetricFog.HistoryMissSupersampleCount:4]]
[2021.02.12-23.00.17:507][  0]LogConfig: Setting CVar [[r.LightMaxDrawDistanceScale:1]]
[2021.02.12-23.00.17:507][  0]LogConfig: Setting CVar [[r.CapsuleShadows:1]]
[2021.02.12-23.00.17:507][  0]LogConfig: Applying CVar settings from Section [PostProcessQuality@3] File [C:/Users/morin/Documents/Unreal Projects/Nokia - Copia (2)/Saved/Config/Windows/Scalability.ini]
[2021.02.12-23.00.17:507][  0]LogConfig: Setting CVar [[r.MotionBlurQuality:4]]
[2021.02.12-23.00.17:507][  0]LogConfig: Setting CVar [[r.AmbientOcclusionMipLevelFactor:0.4]]
[2021.02.12-23.00.17:507][  0]LogConfig: Setting CVar [[r.AmbientOcclusionMaxQuality:100]]
[2021.02.12-23.00.17:507][  0]LogConfig: Setting CVar [[r.AmbientOcclusionLevels:-1]]
[2021.02.12-23.00.17:507][  0]LogConfig: Setting CVar [[r.AmbientOcclusionRadiusScale:1.0]]
[2021.02.12-23.00.17:507][  0]LogConfig: Setting CVar [[r.DepthOfFieldQuality:2]]
[2021.02.12-23.00.17:507][  0]LogConfig: Setting CVar [[r.RenderTargetPoolMin:400]]
[2021.02.12-23.00.17:507][  0]LogConfig: Setting CVar [[r.LensFlareQuality:2]]
[2021.02.12-23.00.17:507][  0]LogConfig: Setting CVar [[r.SceneColorFringeQuality:1]]
[2021.02.12-23.00.17:507][  0]LogConfig: Setting CVar [[r.EyeAdaptationQuality:2]]
[2021.02.12-23.00.17:507][  0]LogConfig: Setting CVar [[r.BloomQuality:5]]
[2021.02.12-23.00.17:507][  0]LogConfig: Setting CVar [[r.FastBlurThreshold:100]]
[2021.02.12-23.00.17:507][  0]LogConfig: Setting CVar [[r.Upscale.Quality:3]]
[2021.02.12-23.00.17:507][  0]LogConfig: Setting CVar [[r.Tonemapper.GrainQuantization:1]]
[2021.02.12-23.00.17:507][  0]LogConfig: Setting CVar [[r.LightShaftQuality:1]]
[2021.02.12-23.00.17:507][  0]LogConfig: Setting CVar [[r.Filter.SizeScale:1]]
[2021.02.12-23.00.17:507][  0]LogConfig: Setting CVar [[r.Tonemapper.Quality:5]]
[2021.02.12-23.00.17:507][  0]LogConfig: Setting CVar [[r.DOF.Gather.AccumulatorQuality:1        ; higher gathering accumulator quality]]
[2021.02.12-23.00.17:507][  0]LogConfig: Setting CVar [[r.DOF.Gather.PostfilterMethod:1          ; Median3x3 postfilering method]]
[2021.02.12-23.00.17:507][  0]LogConfig: Setting CVar [[r.DOF.Gather.EnableBokehSettings:0       ; no bokeh simulation when gathering]]
[2021.02.12-23.00.17:507][  0]LogConfig: Setting CVar [[r.DOF.Gather.RingCount:4                 ; medium number of samples when gathering]]
[2021.02.12-23.00.17:507][  0]LogConfig: Setting CVar [[r.DOF.Scatter.ForegroundCompositing:1    ; additive foreground scattering]]
[2021.02.12-23.00.17:507][  0]LogConfig: Setting CVar [[r.DOF.Scatter.BackgroundCompositing:2    ; additive background scattering]]
[2021.02.12-23.00.17:507][  0]LogConfig: Setting CVar [[r.DOF.Scatter.EnableBokehSettings:1      ; bokeh simulation when scattering]]
[2021.02.12-23.00.17:507][  0]LogConfig: Setting CVar [[r.DOF.Scatter.MaxSpriteRatio:0.1         ; only a maximum of 10% of scattered bokeh]]
[2021.02.12-23.00.17:507][  0]LogConfig: Setting CVar [[r.DOF.Recombine.Quality:1                ; cheap slight out of focus]]
[2021.02.12-23.00.17:507][  0]LogConfig: Setting CVar [[r.DOF.Recombine.EnableBokehSettings:0    ; no bokeh simulation on slight out of focus]]
[2021.02.12-23.00.17:507][  0]LogConfig: Setting CVar [[r.DOF.TemporalAAQuality:1                ; more stable temporal accumulation]]
[2021.02.12-23.00.17:507][  0]LogConfig: Setting CVar [[r.DOF.Kernel.MaxForegroundRadius:0.025]]
[2021.02.12-23.00.17:507][  0]LogConfig: Setting CVar [[r.DOF.Kernel.MaxBackgroundRadius:0.025]]
[2021.02.12-23.00.17:507][  0]LogConfig: Applying CVar settings from Section [TextureQuality@3] File [C:/Users/morin/Documents/Unreal Projects/Nokia - Copia (2)/Saved/Config/Windows/Scalability.ini]
[2021.02.12-23.00.17:507][  0]LogConfig: Setting CVar [[r.Streaming.MipBias:0]]
[2021.02.12-23.00.17:507][  0]LogConfig: Setting CVar [[r.Streaming.AmortizeCPUToGPUCopy:0]]
[2021.02.12-23.00.17:507][  0]LogConfig: Setting CVar [[r.Streaming.MaxNumTexturesToStreamPerFrame:0]]
[2021.02.12-23.00.17:507][  0]LogConfig: Setting CVar [[r.Streaming.Boost:1]]
[2021.02.12-23.00.17:507][  0]LogConfig: Setting CVar [[r.MaxAnisotropy:8]]
[2021.02.12-23.00.17:507][  0]LogConfig: Setting CVar [[r.Streaming.LimitPoolSizeToVRAM:0]]
[2021.02.12-23.00.17:507][  0]LogConfig: Setting CVar [[r.Streaming.PoolSize:1000]]
[2021.02.12-23.00.17:507][  0]LogConfig: Setting CVar [[r.Streaming.MaxEffectiveScreenSize:0]]
[2021.02.12-23.00.17:507][  0]LogConfig: Applying CVar settings from Section [EffectsQuality@3] File [C:/Users/morin/Documents/Unreal Projects/Nokia - Copia (2)/Saved/Config/Windows/Scalability.ini]
[2021.02.12-23.00.17:507][  0]LogConfig: Setting CVar [[r.TranslucencyLightingVolumeDim:64]]
[2021.02.12-23.00.17:507][  0]LogConfig: Setting CVar [[r.RefractionQuality:2]]
[2021.02.12-23.00.17:507][  0]LogConfig: Setting CVar [[r.SSR.Quality:3]]
[2021.02.12-23.00.17:507][  0]LogConfig: Setting CVar [[r.SceneColorFormat:4]]
[2021.02.12-23.00.17:507][  0]LogConfig: Setting CVar [[r.DetailMode:2]]
[2021.02.12-23.00.17:507][  0]LogConfig: Setting CVar [[r.TranslucencyVolumeBlur:1]]
[2021.02.12-23.00.17:507][  0]LogConfig: Setting CVar [[r.MaterialQualityLevel:1 ; High quality]]
[2021.02.12-23.00.17:507][  0]LogConfig: Setting CVar [[r.SSS.Scale:1]]
[2021.02.12-23.00.17:507][  0]LogConfig: Setting CVar [[r.SSS.SampleSet:2]]
[2021.02.12-23.00.17:507][  0]LogConfig: Setting CVar [[r.SSS.Quality:1]]
[2021.02.12-23.00.17:507][  0]LogConfig: Setting CVar [[r.SSS.HalfRes:1]]
[2021.02.12-23.00.17:507][  0]LogConfig: Setting CVar [[r.EmitterSpawnRateScale:1.0]]
[2021.02.12-23.00.17:507][  0]LogConfig: Setting CVar [[r.ParticleLightQuality:2]]
[2021.02.12-23.00.17:507][  0]LogConfig: Applying CVar settings from Section [FoliageQuality@3] File [C:/Users/morin/Documents/Unreal Projects/Nokia - Copia (2)/Saved/Config/Windows/Scalability.ini]
[2021.02.12-23.00.17:507][  0]LogConfig: Setting CVar [[foliage.DensityScale:1.0]]
[2021.02.12-23.00.17:507][  0]LogConfig: Setting CVar [[grass.DensityScale:1.0]]
[2021.02.12-23.00.17:507][  0]LogInit: Selected Device Profile: [Windows]
[2021.02.12-23.00.17:507][  0]LogInit: Applying CVar settings loaded from the selected device profile: [Windows]
[2021.02.12-23.00.17:510][  0]LogHAL: Display: Platform has ~ 16 GB [17110605824 / 17179869184 / 16], which maps to Larger [LargestMinGB=32, LargerMinGB=12, DefaultMinGB=8, SmallerMinGB=6, SmallestMinGB=0)
[2021.02.12-23.00.17:510][  0]LogInit: Going up to parent DeviceProfile []
[2021.02.12-23.00.17:510][  0]LogConfig: Applying CVar settings from Section [ViewDistanceQuality@3] File [C:/Users/morin/Documents/Unreal Projects/Nokia - Copia (2)/Saved/Config/Windows/Scalability.ini]
[2021.02.12-23.00.17:510][  0]LogConfig: Setting CVar [[r.SkeletalMeshLODBias:0]]
[2021.02.12-23.00.17:510][  0]LogConfig: Setting CVar [[r.ViewDistanceScale:1.0]]
[2021.02.12-23.00.17:510][  0]LogConfig: Applying CVar settings from Section [AntiAliasingQuality@3] File [C:/Users/morin/Documents/Unreal Projects/Nokia - Copia (2)/Saved/Config/Windows/Scalability.ini]
[2021.02.12-23.00.17:510][  0]LogConfig: Setting CVar [[r.PostProcessAAQuality:4]]
[2021.02.12-23.00.17:510][  0]LogConfig: Applying CVar settings from Section [ShadowQuality@3] File [C:/Users/morin/Documents/Unreal Projects/Nokia - Copia (2)/Saved/Config/Windows/Scalability.ini]
[2021.02.12-23.00.17:510][  0]LogConfig: Setting CVar [[r.LightFunctionQuality:1]]
[2021.02.12-23.00.17:510][  0]LogConfig: Setting CVar [[r.ShadowQuality:5]]
[2021.02.12-23.00.17:510][  0]LogConfig: Setting CVar [[r.Shadow.CSM.MaxCascades:10]]
[2021.02.12-23.00.17:510][  0]LogConfig: Setting CVar [[r.Shadow.MaxResolution:2048]]
[2021.02.12-23.00.17:510][  0]LogConfig: Setting CVar [[r.Shadow.MaxCSMResolution:2048]]
[2021.02.12-23.00.17:510][  0]LogConfig: Setting CVar [[r.Shadow.RadiusThreshold:0.01]]
[2021.02.12-23.00.17:510][  0]LogConfig: Setting CVar [[r.Shadow.DistanceScale:1.0]]
[2021.02.12-23.00.17:510][  0]LogConfig: Setting CVar [[r.Shadow.CSM.TransitionScale:1.0]]
[2021.02.12-23.00.17:510][  0]LogConfig: Setting CVar [[r.Shadow.PreShadowResolutionFactor:1.0]]
[2021.02.12-23.00.17:510][  0]LogConfig: Setting CVar [[r.DistanceFieldShadowing:1]]
[2021.02.12-23.00.17:510][  0]LogConfig: Setting CVar [[r.DistanceFieldAO:1]]
[2021.02.12-23.00.17:510][  0]LogConfig: Setting CVar [[r.AOQuality:2]]
[2021.02.12-23.00.17:510][  0]LogConfig: Setting CVar [[r.VolumetricFog:1]]
[2021.02.12-23.00.17:510][  0]LogConfig: Setting CVar [[r.VolumetricFog.GridPixelSize:8]]
[2021.02.12-23.00.17:510][  0]LogConfig: Setting CVar [[r.VolumetricFog.GridSizeZ:128]]
[2021.02.12-23.00.17:510][  0]LogConfig: Setting CVar [[r.VolumetricFog.HistoryMissSupersampleCount:4]]
[2021.02.12-23.00.17:510][  0]LogConfig: Setting CVar [[r.LightMaxDrawDistanceScale:1]]
[2021.02.12-23.00.17:510][  0]LogConfig: Setting CVar [[r.CapsuleShadows:1]]
[2021.02.12-23.00.17:510][  0]LogConfig: Applying CVar settings from Section [PostProcessQuality@3] File [C:/Users/morin/Documents/Unreal Projects/Nokia - Copia (2)/Saved/Config/Windows/Scalability.ini]
[2021.02.12-23.00.17:510][  0]LogConfig: Setting CVar [[r.MotionBlurQuality:4]]
[2021.02.12-23.00.17:510][  0]LogConfig: Setting CVar [[r.AmbientOcclusionMipLevelFactor:0.4]]
[2021.02.12-23.00.17:510][  0]LogConfig: Setting CVar [[r.AmbientOcclusionMaxQuality:100]]
[2021.02.12-23.00.17:510][  0]LogConfig: Setting CVar [[r.AmbientOcclusionLevels:-1]]
[2021.02.12-23.00.17:510][  0]LogConfig: Setting CVar [[r.AmbientOcclusionRadiusScale:1.0]]
[2021.02.12-23.00.17:510][  0]LogConfig: Setting CVar [[r.DepthOfFieldQuality:2]]
[2021.02.12-23.00.17:510][  0]LogConfig: Setting CVar [[r.RenderTargetPoolMin:400]]
[2021.02.12-23.00.17:510][  0]LogConfig: Setting CVar [[r.LensFlareQuality:2]]
[2021.02.12-23.00.17:510][  0]LogConfig: Setting CVar [[r.SceneColorFringeQuality:1]]
[2021.02.12-23.00.17:510][  0]LogConfig: Setting CVar [[r.EyeAdaptationQuality:2]]
[2021.02.12-23.00.17:510][  0]LogConfig: Setting CVar [[r.BloomQuality:5]]
[2021.02.12-23.00.17:510][  0]LogConfig: Setting CVar [[r.FastBlurThreshold:100]]
[2021.02.12-23.00.17:510][  0]LogConfig: Setting CVar [[r.Upscale.Quality:3]]
[2021.02.12-23.00.17:510][  0]LogConfig: Setting CVar [[r.Tonemapper.GrainQuantization:1]]
[2021.02.12-23.00.17:510][  0]LogConfig: Setting CVar [[r.LightShaftQuality:1]]
[2021.02.12-23.00.17:510][  0]LogConfig: Setting CVar [[r.Filter.SizeScale:1]]
[2021.02.12-23.00.17:510][  0]LogConfig: Setting CVar [[r.Tonemapper.Quality:5]]
[2021.02.12-23.00.17:510][  0]LogConfig: Setting CVar [[r.DOF.Gather.AccumulatorQuality:1        ; higher gathering accumulator quality]]
[2021.02.12-23.00.17:510][  0]LogConfig: Setting CVar [[r.DOF.Gather.PostfilterMethod:1          ; Median3x3 postfilering method]]
[2021.02.12-23.00.17:510][  0]LogConfig: Setting CVar [[r.DOF.Gather.EnableBokehSettings:0       ; no bokeh simulation when gathering]]
[2021.02.12-23.00.17:510][  0]LogConfig: Setting CVar [[r.DOF.Gather.RingCount:4                 ; medium number of samples when gathering]]
[2021.02.12-23.00.17:510][  0]LogConfig: Setting CVar [[r.DOF.Scatter.ForegroundCompositing:1    ; additive foreground scattering]]
[2021.02.12-23.00.17:510][  0]LogConfig: Setting CVar [[r.DOF.Scatter.BackgroundCompositing:2    ; additive background scattering]]
[2021.02.12-23.00.17:510][  0]LogConfig: Setting CVar [[r.DOF.Scatter.EnableBokehSettings:1      ; bokeh simulation when scattering]]
[2021.02.12-23.00.17:510][  0]LogConfig: Setting CVar [[r.DOF.Scatter.MaxSpriteRatio:0.1         ; only a maximum of 10% of scattered bokeh]]
[2021.02.12-23.00.17:510][  0]LogConfig: Setting CVar [[r.DOF.Recombine.Quality:1                ; cheap slight out of focus]]
[2021.02.12-23.00.17:510][  0]LogConfig: Setting CVar [[r.DOF.Recombine.EnableBokehSettings:0    ; no bokeh simulation on slight out of focus]]
[2021.02.12-23.00.17:510][  0]LogConfig: Setting CVar [[r.DOF.TemporalAAQuality:1                ; more stable temporal accumulation]]
[2021.02.12-23.00.17:510][  0]LogConfig: Setting CVar [[r.DOF.Kernel.MaxForegroundRadius:0.025]]
[2021.02.12-23.00.17:510][  0]LogConfig: Setting CVar [[r.DOF.Kernel.MaxBackgroundRadius:0.025]]
[2021.02.12-23.00.17:510][  0]LogConfig: Applying CVar settings from Section [TextureQuality@3] File [C:/Users/morin/Documents/Unreal Projects/Nokia - Copia (2)/Saved/Config/Windows/Scalability.ini]
[2021.02.12-23.00.17:510][  0]LogConfig: Setting CVar [[r.Streaming.MipBias:0]]
[2021.02.12-23.00.17:510][  0]LogConfig: Setting CVar [[r.Streaming.AmortizeCPUToGPUCopy:0]]
[2021.02.12-23.00.17:510][  0]LogConfig: Setting CVar [[r.Streaming.MaxNumTexturesToStreamPerFrame:0]]
[2021.02.12-23.00.17:510][  0]LogConfig: Setting CVar [[r.Streaming.Boost:1]]
[2021.02.12-23.00.17:510][  0]LogConfig: Setting CVar [[r.MaxAnisotropy:8]]
[2021.02.12-23.00.17:510][  0]LogConfig: Setting CVar [[r.Streaming.LimitPoolSizeToVRAM:0]]
[2021.02.12-23.00.17:510][  0]LogConfig: Setting CVar [[r.Streaming.PoolSize:1000]]
[2021.02.12-23.00.17:510][  0]LogConfig: Setting CVar [[r.Streaming.MaxEffectiveScreenSize:0]]
[2021.02.12-23.00.17:510][  0]LogConfig: Applying CVar settings from Section [EffectsQuality@3] File [C:/Users/morin/Documents/Unreal Projects/Nokia - Copia (2)/Saved/Config/Windows/Scalability.ini]
[2021.02.12-23.00.17:510][  0]LogConfig: Setting CVar [[r.TranslucencyLightingVolumeDim:64]]
[2021.02.12-23.00.17:511][  0]LogConfig: Setting CVar [[r.RefractionQuality:2]]
[2021.02.12-23.00.17:511][  0]LogConfig: Setting CVar [[r.SSR.Quality:3]]
[2021.02.12-23.00.17:511][  0]LogConfig: Setting CVar [[r.SceneColorFormat:4]]
[2021.02.12-23.00.17:511][  0]LogConfig: Setting CVar [[r.DetailMode:2]]
[2021.02.12-23.00.17:511][  0]LogConfig: Setting CVar [[r.TranslucencyVolumeBlur:1]]
[2021.02.12-23.00.17:511][  0]LogConfig: Setting CVar [[r.MaterialQualityLevel:1 ; High quality]]
[2021.02.12-23.00.17:511][  0]LogConfig: Setting CVar [[r.SSS.Scale:1]]
[2021.02.12-23.00.17:511][  0]LogConfig: Setting CVar [[r.SSS.SampleSet:2]]
[2021.02.12-23.00.17:511][  0]LogConfig: Setting CVar [[r.SSS.Quality:1]]
[2021.02.12-23.00.17:511][  0]LogConfig: Setting CVar [[r.SSS.HalfRes:1]]
[2021.02.12-23.00.17:511][  0]LogConfig: Setting CVar [[r.EmitterSpawnRateScale:1.0]]
[2021.02.12-23.00.17:511][  0]LogConfig: Setting CVar [[r.ParticleLightQuality:2]]
[2021.02.12-23.00.17:511][  0]LogConfig: Applying CVar settings from Section [FoliageQuality@3] File [C:/Users/morin/Documents/Unreal Projects/Nokia - Copia (2)/Saved/Config/Windows/Scalability.ini]
[2021.02.12-23.00.17:511][  0]LogConfig: Setting CVar [[foliage.DensityScale:1.0]]
[2021.02.12-23.00.17:511][  0]LogConfig: Setting CVar [[grass.DensityScale:1.0]]
[2021.02.12-23.00.17:511][  0]LogConfig: Applying CVar settings from Section [Startup] File [../../../Engine/Config/ConsoleVariables.ini]
[2021.02.12-23.00.17:511][  0]LogConfig: Setting CVar [[net.UseAdaptiveNetUpdateFrequency:0]]
[2021.02.12-23.00.17:511][  0]LogConfig: Setting CVar [[p.chaos.AllowCreatePhysxBodies:1]]
[2021.02.12-23.00.17:511][  0]LogConfig: Applying CVar settings from Section [ConsoleVariables] File [C:/Users/morin/Documents/Unreal Projects/Nokia - Copia (2)/Saved/Config/Windows/Engine.ini]
[2021.02.12-23.00.17:511][  0]LogInit: Computer: DESKTOPLORENZO
[2021.02.12-23.00.17:511][  0]LogInit: User: morin
[2021.02.12-23.00.17:511][  0]LogInit: CPU Page size=4096, Cores=6
[2021.02.12-23.00.17:511][  0]LogInit: High frequency timer resolution =10.000000 MHz
[2021.02.12-23.00.17:511][  0]LogMemory: Memory total: Physical=15.9GB (16GB approx)
[2021.02.12-23.00.17:511][  0]LogMemory: Platform Memory Stats for Windows
[2021.02.12-23.00.17:511][  0]LogMemory: Process Physical Memory: 102.68 MB used, 102.68 MB peak
[2021.02.12-23.00.17:511][  0]LogMemory: Process Virtual Memory: 98.57 MB used, 98.57 MB peak
[2021.02.12-23.00.17:511][  0]LogMemory: Physical Memory: 6010.74 MB used,  10307.21 MB free, 16317.95 MB total
[2021.02.12-23.00.17:511][  0]LogMemory: Virtual Memory: 4664.48 MB used,  134213064.00 MB free, 134217728.00 MB total
[2021.02.12-23.00.17:513][  0]LogWindows: WindowsPlatformFeatures enabled
[2021.02.12-23.00.17:543][  0]LogInit: Using OS detected language (it-IT).
[2021.02.12-23.00.17:543][  0]LogInit: Using OS detected locale (it-IT).
[2021.02.12-23.00.17:544][  0]LogTextLocalizationManager: No specific localization for 'it-IT' exists, so the 'it' localization will be used.
[2021.02.12-23.00.17:544][  0]LogTextLocalizationResource: LocRes '../../../Engine/Content/Localization/Editor/it/Editor.locres' could not be opened for reading!
[2021.02.12-23.00.17:544][  0]LogTextLocalizationResource: LocRes '../../../Engine/Content/Localization/EditorTutorials/it/EditorTutorials.locres' could not be opened for reading!
[2021.02.12-23.00.17:544][  0]LogTextLocalizationResource: LocRes '../../../Engine/Content/Localization/Keywords/it/Keywords.locres' could not be opened for reading!
[2021.02.12-23.00.17:544][  0]LogTextLocalizationResource: LocRes '../../../Engine/Content/Localization/Category/it/Category.locres' could not be opened for reading!
[2021.02.12-23.00.17:544][  0]LogTextLocalizationResource: LocRes '../../../Engine/Content/Localization/ToolTips/it/ToolTips.locres' could not be opened for reading!
[2021.02.12-23.00.17:544][  0]LogTextLocalizationResource: LocRes '../../../Engine/Content/Localization/PropertyNames/it/PropertyNames.locres' could not be opened for reading!
[2021.02.12-23.00.17:544][  0]LogTextLocalizationResource: LocRes '../../../Engine/Content/Localization/Engine/it/Engine.locres' could not be opened for reading!
[2021.02.12-23.00.17:561][  0]LogSlate: New Slate User Created.  User Index 0, Is Virtual User: 0
[2021.02.12-23.00.17:561][  0]LogSlate: Slate User Registered.  User Index 0, Is Virtual User: 0
[2021.02.12-23.00.17:568][  0]LogHMD: Failed to initialize OpenVR with code 110
[2021.02.12-23.00.17:568][  0]LogD3D11RHI: D3D11 adapters:
[2021.02.12-23.00.17:640][  0]LogD3D11RHI:    0. 'NVIDIA GeForce GTX 1050 Ti' (Feature Level 11_0)
[2021.02.12-23.00.17:640][  0]LogD3D11RHI:       4018/0/8158 MB DedicatedVideo/DedicatedSystem/SharedSystem, Outputs:1, VendorId:0x10de
[2021.02.12-23.00.17:642][  0]LogD3D11RHI:    1. 'Microsoft Basic Render Driver' (Feature Level 11_0)
[2021.02.12-23.00.17:642][  0]LogD3D11RHI:       0/0/8158 MB DedicatedVideo/DedicatedSystem/SharedSystem, Outputs:0, VendorId:0x1414
[2021.02.12-23.00.17:643][  0]LogD3D11RHI: Chosen D3D11 Adapter: 0
[2021.02.12-23.00.17:647][  0]LogD3D11RHI: Creating new Direct3DDevice
[2021.02.12-23.00.17:647][  0]LogD3D11RHI:     GPU DeviceId: 0x1c82 (for the marketing name, search the web for "GPU Device Id")
[2021.02.12-23.00.17:647][  0]LogWindows: EnumDisplayDevices:
[2021.02.12-23.00.17:647][  0]LogWindows:    0. 'NVIDIA GeForce GTX 1050 Ti' (P:1 D:1)
[2021.02.12-23.00.17:647][  0]LogWindows:    1. 'NVIDIA GeForce GTX 1050 Ti' (P:0 D:0)
[2021.02.12-23.00.17:648][  0]LogWindows:    2. 'NVIDIA GeForce GTX 1050 Ti' (P:0 D:0)
[2021.02.12-23.00.17:648][  0]LogWindows:    3. 'NVIDIA GeForce GTX 1050 Ti' (P:0 D:0)
[2021.02.12-23.00.17:648][  0]LogWindows: DebugString: FoundDriverCount:4 
[2021.02.12-23.00.17:648][  0]LogD3D11RHI:     Adapter Name: NVIDIA GeForce GTX 1050 Ti
[2021.02.12-23.00.17:648][  0]LogD3D11RHI:   Driver Version: 457.51 (internal:27.21.14.5751, unified:457.51)
[2021.02.12-23.00.17:648][  0]LogD3D11RHI:      Driver Date: 11-22-2020
[2021.02.12-23.00.17:648][  0]LogRHI: Texture pool is 2812 MB (70% of 4018 MB)
[2021.02.12-23.00.17:697][  0]LogD3D11RHI: Async texture creation enabled
[2021.02.12-23.00.17:708][  0]LogD3D11RHI: GPU Timing Frequency: 1000.000000 (Debug: 2 1)
[2021.02.12-23.00.17:952][  0]LogTemp: Display: Module 'WindowsClientTargetPlatform' loaded TargetPlatform 'WindowsClient'
[2021.02.12-23.00.17:959][  0]LogTemp: Display: Module 'WindowsNoEditorTargetPlatform' loaded TargetPlatform 'WindowsNoEditor'
[2021.02.12-23.00.17:965][  0]LogTemp: Display: Module 'WindowsServerTargetPlatform' loaded TargetPlatform 'WindowsServer'
[2021.02.12-23.00.17:968][  0]LogTemp: Display: Module 'WindowsTargetPlatform' loaded TargetPlatform 'Windows'
[2021.02.12-23.00.17:968][  0]LogTargetPlatformManager: Display: Building Assets For Windows
[2021.02.12-23.00.17:973][  0]LogAudioDebug: Display: Lib vorbis DLL was dynamically loaded.
[2021.02.12-23.00.18:004][  0]LogShaderCompilers: Guid format shader working directory is -13 characters bigger than the processId version (C:/Users/morin/Documents/Unreal Projects/Nokia - Copia (2)/Intermediate/Shaders/WorkingDirectory/11268/).
[2021.02.12-23.00.18:004][  0]LogShaderCompilers: Cleaned the shader compiler working directory 'C:/Users/morin/AppData/Local/Temp/UnrealShaderWorkingDir/AF1C963D449F0C608B4D63B2628B8714/'.
[2021.02.12-23.00.18:006][  0]LogShaderCompilers: Display: Using XGE Shader Compiler (Interception Interface).
[2021.02.12-23.00.18:514][  0]LogDerivedDataCache: Display: Max Cache Size: 512 MB
[2021.02.12-23.00.18:566][  0]LogDerivedDataCache: Loaded boot cache 0.05s 99MB C:/Users/morin/AppData/Local/UnrealEngine/4.23/DerivedDataCache/Boot.ddc.
[2021.02.12-23.00.18:566][  0]LogDerivedDataCache: Display: Loaded Boot cache: C:/Users/morin/AppData/Local/UnrealEngine/4.23/DerivedDataCache/Boot.ddc
[2021.02.12-23.00.18:566][  0]LogDerivedDataCache: FDerivedDataBackendGraph:  Pak pak cache file C:/Users/morin/Documents/Unreal Projects/Nokia - Copia (2)/DerivedDataCache/DDC.ddp not found, will not use a pak cache.
[2021.02.12-23.00.18:566][  0]LogDerivedDataCache: Unable to find inner node Pak for hierarchical cache Hierarchy.
[2021.02.12-23.00.18:566][  0]LogDerivedDataCache: FDerivedDataBackendGraph:  CompressedPak pak cache file C:/Users/morin/Documents/Unreal Projects/Nokia - Copia (2)/DerivedDataCache/Compressed.ddp not found, will not use a pak cache.
[2021.02.12-23.00.18:566][  0]LogDerivedDataCache: Unable to find inner node CompressedPak for hierarchical cache Hierarchy.
[2021.02.12-23.00.18:576][  0]LogDerivedDataCache: Display: Pak cache opened for reading ../../../Engine/DerivedDataCache/Compressed.ddp.
[2021.02.12-23.00.18:576][  0]LogDerivedDataCache: FDerivedDataBackendGraph:  EnterprisePak pak cache file ../../../Enterprise/DerivedDataCache/Compressed.ddp not found, will not use a pak cache.
[2021.02.12-23.00.18:576][  0]LogDerivedDataCache: Unable to find inner node EnterprisePak for hierarchical cache Hierarchy.
[2021.02.12-23.00.18:577][  0]LogDerivedDataCache: Using Local data cache path C:/Users/morin/AppData/Local/UnrealEngine/Common/DerivedDataCache: Writable
[2021.02.12-23.00.18:577][  0]LogDerivedDataCache: Shared data cache path not found in *engine.ini, will not use an Shared cache.
[2021.02.12-23.00.18:577][  0]LogDerivedDataCache: Unable to find inner node Shared for hierarchical cache Hierarchy.
[2021.02.12-23.00.18:594][  0]LogMaterial: Verifying Global Shaders for PCD3D_SM5
[2021.02.12-23.00.18:596][  0]LogSlate: Using FreeType 2.6.0
[2021.02.12-23.00.18:596][  0]LogSlate: SlateFontServices - WITH_FREETYPE: 1, WITH_HARFBUZZ: 1
[2021.02.12-23.00.18:680][  0]LogInit: Using OS detected language (it-IT).
[2021.02.12-23.00.18:680][  0]LogInit: Using OS detected locale (it-IT).
[2021.02.12-23.00.18:681][  0]LogTextLocalizationManager: No localization for 'it-IT' exists, so 'en' will be used for the language.
[2021.02.12-23.00.18:681][  0]LogTextLocalizationManager: No localization for 'it-IT' exists, so 'en' will be used for the locale.
[2021.02.12-23.00.18:681][  0]LogSlate: FontCache flush requested. Reason: Culture for localization was changed
[2021.02.12-23.00.18:681][  0]LogSlate: FontCache flush requested. Reason: Culture for localization was changed
[2021.02.12-23.00.18:681][  0]LogTextLocalizationManager: Compacting localization data took   0.00ms
[2021.02.12-23.00.18:684][  0]LogAssetRegistry: FAssetRegistry took 0.0014 seconds to start up
[2021.02.12-23.00.18:845][  0]LogPackageLocalizationCache: Processed 12 localized package path(s) for 1 prioritized culture(s) in 0.000464 seconds
[2021.02.12-23.00.18:889][  0]LogInit: Selected Device Profile: [Windows]
[2021.02.12-23.00.18:999][  0]LogMeshReduction: Using QuadricMeshReduction for automatic static mesh reduction
[2021.02.12-23.00.18:999][  0]LogMeshReduction: Using SimplygonMeshReduction for automatic skeletal mesh reduction
[2021.02.12-23.00.18:999][  0]LogMeshReduction: Using ProxyLODMeshReduction for automatic mesh merging
[2021.02.12-23.00.19:000][  0]LogMeshReduction: No distributed automatic mesh merging module available
[2021.02.12-23.00.19:000][  0]LogMeshMerging: No distributed automatic mesh merging module available
[2021.02.12-23.00.19:007][  0]LogNetVersion: Nokia 1.0.0, NetCL: 8386587, EngineNetVer: 11, GameNetVer: 0 (Checksum: 1878503607)
[2021.02.12-23.00.19:394][  0]LogMoviePlayer: Initializing movie player
[2021.02.12-23.00.19:483][  0]LogTcpMessaging: Initializing TcpMessaging bridge
[2021.02.12-23.00.19:484][  0]LogUdpMessaging: Initializing bridge on interface 0.0.0.0:0 to multicast group 230.0.0.1:6666.
[2021.02.12-23.00.19:507][  0]SourceControl: Source control is disabled
[2021.02.12-23.00.19:507][  0]SourceControl: Source control is disabled
[2021.02.12-23.00.19:508][  0]SourceControl: Source control is disabled
[2021.02.12-23.00.19:535][  0]LogAndroidPermission: UAndroidPermissionCallbackProxy::GetInstance
[2021.02.12-23.00.19:643][  0]LogOcInput: OculusInput pre-init called
[2021.02.12-23.00.19:651][  0]LogUObjectArray: 48866 objects as part of root set at end of initial load.
[2021.02.12-23.00.19:651][  0]LogUObjectAllocator: 8609784 out of 0 bytes used by permanent object pool.
[2021.02.12-23.00.19:651][  0]LogUObjectArray: CloseDisregardForGC: 0/0 objects in disregard for GC pool
[2021.02.12-23.00.19:696][  0]LogEngine: Initializing Engine...
[2021.02.12-23.00.19:696][  0]LogHMD: Failed to initialize OpenVR with code 110
[2021.02.12-23.00.19:698][  0]LogStats: UGameplayTagsManager::InitializeManager -  0.000 s
[2021.02.12-23.00.19:826][  0]LogInit: Initializing FReadOnlyCVARCache
[2021.02.12-23.00.19:845][  0]LogInit: XAudio2 using 'Altoparlanti (Realtek High Definition Audio)' : 2 channels at 48 kHz using 32 bits per sample (channel mask 0x3)
[2021.02.12-23.00.19:863][  0]LogInit: FAudioDevice initialized.
[2021.02.12-23.00.19:863][  0]LogNetVersion: Set ProjectVersion to 1.0.0.0. Version Checksum will be recalculated on next use.
[2021.02.12-23.00.19:869][  0]LogInit: Texture streaming: Disabled
[2021.02.12-23.00.19:987][  0]LogSlate: Updating window title bar state: overlay mode, drag disabled, window buttons hidden, title bar hidden
[2021.02.12-23.00.19:988][  0]LogInit: Display: Game Engine Initialized.
[2021.02.12-23.00.20:026][  0]LogInit: Display: Starting Game.
[2021.02.12-23.00.20:026][  0]LogNet: Browse: /Game/Levels/TestLevel?Name=Player
[2021.02.12-23.00.20:026][  0]LogLoad: LoadMap: /Game/Levels/TestLevel?Name=Player
[2021.02.12-23.00.20:026][  0]LogWorld: BeginTearingDown for /Temp/Untitled_0
[2021.02.12-23.00.20:027][  0]LogWorld: UWorld::CleanupWorld for Untitled, bSessionEnded=true, bCleanupResources=true
[2021.02.12-23.00.20:048][  0]LogUObjectHash: Compacting FUObjectHashTables data took   1.24ms
[2021.02.12-23.00.20:090][  0]LogAIModule: Creating AISystem for world TestLevel
[2021.02.12-23.00.20:091][  0]LogUObjectGlobals: Warning: Failed to load '/Game/Characters/Player/FirstPersonGameMode': Can't find file.
[2021.02.12-23.00.20:091][  0]LogUObjectGlobals: Warning: Failed to load '/Game/Characters/Player/FirstPersonGameMode': Can't find file.
[2021.02.12-23.00.20:091][  0]LogUObjectGlobals: Warning: Failed to find object 'Class /Game/Characters/Player/FirstPersonGameMode.FirstPersonGameMode_C'
[2021.02.12-23.00.20:091][  0]LogLoad: Game class is 'GameModeBase'
[2021.02.12-23.00.20:096][  0]LogWorld: Bringing World /Game/Levels/TestLevel.TestLevel up for play (max tick rate 0) at 2021.02.13-00.00.20
[2021.02.12-23.00.20:097][  0]LogWorld: Bringing up level for play took: 0.004517
[2021.02.12-23.00.20:099][  0]LogLoad: Took 0.073014 seconds to LoadMap(/Game/Levels/TestLevel)
[2021.02.12-23.00.20:116][  0]LogRenderer: Reallocating scene render targets to support 840x480 Format 10 NumSamples 1 (Frame:1).
[2021.02.12-23.00.20:116][  0]LogLoad: (Engine Initialization) Total time: 3.36 seconds
[2021.02.12-23.00.20:116][  0]LogLoad: (Engine Initialization) Total Blueprint compile time: 0.00 seconds
[2021.02.12-23.00.22:208][127]LogWindowsDesktop: Alt-F4 pressed!
[2021.02.12-23.00.22:221][127]LogSlate: Window 'Nokia (64-bit Development PCD3D_SM5) ' being destroyed
[2021.02.12-23.00.22:223][127]LogWindowsTextInputMethodSystem: Display: IME system now deactivated.
[2021.02.12-23.00.22:229][127]LogWindowsTextInputMethodSystem: Display: IME system now deactivated.
[2021.02.12-23.00.22:230][127]LogSlate: Updating window title bar state: overlay mode, drag disabled, window buttons hidden, title bar hidden
[2021.02.12-23.00.22:230][127]LogEngine: All Windows Closed
[2021.02.12-23.00.22:230][127]LogWindows: FPlatformMisc::RequestExit(0)
[2021.02.12-23.00.22:233][128]LogWorld: BeginTearingDown for /Game/Levels/TestLevel
[2021.02.12-23.00.22:234][128]LogWorld: UWorld::CleanupWorld for TestLevel, bSessionEnded=true, bCleanupResources=true
[2021.02.12-23.00.22:704][128]LogExit: Preparing to exit.
[2021.02.12-23.00.22:704][128]LogMoviePlayer: Shutting down movie player
[2021.02.12-23.00.23:503][128]LogSlate: Updating window title bar state: overlay mode, drag disabled, window buttons hidden, title bar hidden
[2021.02.12-23.00.23:504][128]LogDemo: Cleaned up 0 splitscreen connections with owner deletion
[2021.02.12-23.00.23:508][128]LogExit: Game engine shut down
[2021.02.12-23.00.23:552][128]LogExit: Object subsystem successfully closed.
[2021.02.12-23.00.23:574][128]LogShaderCompilers: Display: Shaders left to compile 0
[2021.02.12-23.00.23:580][128]LogModuleManager: Shutting down and abandoning module SequenceRecorderSections (408)
[2021.02.12-23.00.23:580][128]LogModuleManager: Shutting down and abandoning module SequenceRecorder (406)
[2021.02.12-23.00.23:580][128]LogModuleManager: Shutting down and abandoning module AutomationController (404)
[2021.02.12-23.00.23:580][128]LogModuleManager: Shutting down and abandoning module AutomationWorker (402)
[2021.02.12-23.00.23:580][128]LogModuleManager: Shutting down and abandoning module Voice (400)
[2021.02.12-23.00.23:580][128]LogModuleManager: Shutting down and abandoning module AIModule (398)
[2021.02.12-23.00.23:580][128]LogModuleManager: Shutting down and abandoning module GameplayDebugger (397)
[2021.02.12-23.00.23:580][128]LogModuleManager: Shutting down and abandoning module AITestSuite (395)
[2021.02.12-23.00.23:580][128]LogModuleManager: Shutting down and abandoning module NavigationSystem (393)
[2021.02.12-23.00.23:580][128]LogModuleManager: Shutting down and abandoning module OculusMR (390)
[2021.02.12-23.00.23:580][128]LogModuleManager: Shutting down and abandoning module WmfMediaFactory (388)
[2021.02.12-23.00.23:580][128]LogModuleManager: Shutting down and abandoning module WebMMediaFactory (386)
[2021.02.12-23.00.23:580][128]LogModuleManager: Shutting down and abandoning module WebMMedia (384)
[2021.02.12-23.00.23:580][128]LogModuleManager: Shutting down and abandoning module OpenExrWrapper (382)
[2021.02.12-23.00.23:580][128]LogModuleManager: Shutting down and abandoning module ImgMediaFactory (380)
[2021.02.12-23.00.23:580][128]LogModuleManager: Shutting down and abandoning module AvfMediaFactory (378)
[2021.02.12-23.00.23:580][128]LogModuleManager: Shutting down and abandoning module MagicLeapCameraPreviewFactory (376)
[2021.02.12-23.00.23:580][128]LogModuleManager: Shutting down and abandoning module MagicLeapMediaCodecFactory (374)
[2021.02.12-23.00.23:580][128]LogModuleManager: Shutting down and abandoning module MagicLeapMediaFactory (372)
[2021.02.12-23.00.23:580][128]LogModuleManager: Shutting down and abandoning module CharacterAI (370)
[2021.02.12-23.00.23:580][128]LogModuleManager: Shutting down and abandoning module SessionServices (368)
[2021.02.12-23.00.23:580][128]LogModuleManager: Shutting down and abandoning module MovieSceneCapture (366)
[2021.02.12-23.00.23:580][128]LogModuleManager: Shutting down and abandoning module LiveCoding (364)
[2021.02.12-23.00.23:580][128]LogModuleManager: Shutting down and abandoning module LevelSequence (362)
[2021.02.12-23.00.23:580][128]LogModuleManager: Shutting down and abandoning module MovieSceneTracks (360)
[2021.02.12-23.00.23:580][128]LogModuleManager: Shutting down and abandoning module MovieScene (358)
[2021.02.12-23.00.23:580][128]LogModuleManager: Shutting down and abandoning module StreamingPauseRendering (356)
[2021.02.12-23.00.23:580][128]LogModuleManager: Shutting down and abandoning module PortalServices (354)
[2021.02.12-23.00.23:580][128]LogModuleManager: Shutting down and abandoning module PortalRpc (352)
[2021.02.12-23.00.23:580][128]LogModuleManager: Shutting down and abandoning module MessagingRpc (350)
[2021.02.12-23.00.23:580][128]LogModuleManager: Shutting down and abandoning module ImageWriteQueue (348)
[2021.02.12-23.00.23:581][128]LogModuleManager: Shutting down and abandoning module ProfilerService (346)
[2021.02.12-23.00.23:666][128]LogModuleManager: Shutting down and abandoning module TaskGraph (344)
[2021.02.12-23.00.23:666][128]LogModuleManager: Shutting down and abandoning module SteamVRController (342)
[2021.02.12-23.00.23:666][128]LogModuleManager: Shutting down and abandoning module ProceduralMeshComponent (340)
[2021.02.12-23.00.23:666][128]LogModuleManager: Shutting down and abandoning module OculusInput (338)
[2021.02.12-23.00.23:666][128]LogModuleManager: Shutting down and abandoning module MobilePatchingUtils (336)
[2021.02.12-23.00.23:666][128]LogModuleManager: Shutting down and abandoning module EditableMesh (334)
[2021.02.12-23.00.23:666][128]LogModuleManager: Shutting down and abandoning module CustomMeshComponent (332)
[2021.02.12-23.00.23:666][128]LogModuleManager: Shutting down and abandoning module CableComponent (330)
[2021.02.12-23.00.23:666][128]LogModuleManager: Shutting down and abandoning module AudioCapture (328)
[2021.02.12-23.00.23:666][128]LogModuleManager: Shutting down and abandoning module ArchVisCharacter (326)
[2021.02.12-23.00.23:666][128]LogModuleManager: Shutting down and abandoning module AppleImageUtilsBlueprintSupport (324)
[2021.02.12-23.00.23:666][128]LogModuleManager: Shutting down and abandoning module AppleImageUtils (322)
[2021.02.12-23.00.23:666][128]LogModuleManager: Shutting down and abandoning module AndroidPermission (320)
[2021.02.12-23.00.23:667][128]LogModuleManager: Shutting down and abandoning module NUTUnrealEngine4 (318)
[2021.02.12-23.00.23:667][128]LogModuleManager: Shutting down and abandoning module NetcodeUnitTest (316)
[2021.02.12-23.00.23:667][128]LogModuleManager: Shutting down and abandoning module MediaCompositing (314)
[2021.02.12-23.00.23:667][128]LogModuleManager: Shutting down and abandoning module ImgMedia (312)
[2021.02.12-23.00.23:667][128]LogModuleManager: Shutting down and abandoning module MagicLeapHelperVulkan (310)
[2021.02.12-23.00.23:667][128]LogModuleManager: Shutting down and abandoning module MagicLeapHelperOpenGL (308)
[2021.02.12-23.00.23:667][128]LogModuleManager: Shutting down and abandoning module MagicLeapAudio (306)
[2021.02.12-23.00.23:667][128]LogModuleManager: Shutting down and abandoning module HTML5Networking (304)
[2021.02.12-23.00.23:667][128]LogModuleManager: Shutting down and abandoning module GeometryCacheTracks (302)
[2021.02.12-23.00.23:667][128]LogModuleManager: Shutting down and abandoning module GeometryCacheSequencer (301)
[2021.02.12-23.00.23:667][128]LogModuleManager: Shutting down and abandoning module GeometryCache (298)
[2021.02.12-23.00.23:667][128]LogModuleManager: Shutting down and abandoning module GeometryCacheEd (297)
[2021.02.12-23.00.23:667][128]LogModuleManager: Shutting down and abandoning module BackChannel (294)
[2021.02.12-23.00.23:667][128]LogModuleManager: Shutting down and abandoning module AutomationUtils (292)
[2021.02.12-23.00.23:667][128]LogModuleManager: Shutting down and abandoning module VariantManagerContent (290)
[2021.02.12-23.00.23:667][128]LogModuleManager: Shutting down and abandoning module CryptoKeysOpenSSL (288)
[2021.02.12-23.00.23:667][128]LogModuleManager: Shutting down and abandoning module CryptoKeys (286)
[2021.02.12-23.00.23:668][128]LogModuleManager: Shutting down and abandoning module VisualStudioSourceCodeAccess (284)
[2021.02.12-23.00.23:668][128]LogModuleManager: Shutting down and abandoning module HotReload (283)
[2021.02.12-23.00.23:668][128]LogModuleManager: Shutting down and abandoning module DirectoryWatcher (282)
[2021.02.12-23.00.23:668][128]LogModuleManager: Shutting down and abandoning module VisualStudioCodeSourceCodeAccess (278)
[2021.02.12-23.00.23:668][128]LogModuleManager: Shutting down and abandoning module UObjectPlugin (276)
[2021.02.12-23.00.23:668][128]LogModuleManager: Shutting down and abandoning module SubversionSourceControl (274)
[2021.02.12-23.00.23:668][128]LogModuleManager: Shutting down and abandoning module PerforceSourceControl (272)
[2021.02.12-23.00.23:668][128]LogModuleManager: Shutting down and abandoning module SourceControl (271)
[2021.02.12-23.00.23:668][128]LogModuleManager: Shutting down and abandoning module CLionSourceCodeAccess (268)
[2021.02.12-23.00.23:668][128]LogModuleManager: Shutting down and abandoning module ActorLayerUtilities (266)
[2021.02.12-23.00.23:668][128]LogModuleManager: Shutting down and abandoning module SignificanceManager (264)
[2021.02.12-23.00.23:669][128]LogModuleManager: Shutting down and abandoning module RuntimePhysXCooking (262)
[2021.02.12-23.00.23:669][128]LogModuleManager: Shutting down and abandoning module PhysXVehiclesEditor (260)
[2021.02.12-23.00.23:669][128]LogModuleManager: Shutting down and abandoning module LocationServicesBPLibrary (256)
[2021.02.12-23.00.23:669][128]LogModuleManager: Shutting down and abandoning module ActorSequence (254)
[2021.02.12-23.00.23:669][128]LogModuleManager: Shutting down and abandoning module UdpMessaging (252)
[2021.02.12-23.00.23:770][128]LogModuleManager: Shutting down and abandoning module TcpMessaging (250)
[2021.02.12-23.00.24:485][128]LogModuleManager: Shutting down and abandoning module MagicLeapIdentity (248)
[2021.02.12-23.00.24:485][128]LogModuleManager: Shutting down and abandoning module MagicLeapSecureStorage (246)
[2021.02.12-23.00.24:485][128]LogModuleManager: Shutting down and abandoning module MagicLeapHandTracking (244)
[2021.02.12-23.00.24:485][128]LogModuleManager: Shutting down and abandoning module MagicLeapEyeTracker (242)
[2021.02.12-23.00.24:485][128]LogModuleManager: Shutting down and abandoning module MagicLeapController (240)
[2021.02.12-23.00.24:485][128]LogSlate: Slate User Destroyed.  User Index 0, Is Virtual User: 0
[2021.02.12-23.00.24:487][128]LogModuleManager: Shutting down and abandoning module MagicLeapAR (238)
[2021.02.12-23.00.24:487][128]LogModuleManager: Shutting down and abandoning module AugmentedReality (237)
[2021.02.12-23.00.24:487][128]LogModuleManager: Shutting down and abandoning module GameplayTagsEditor (234)
[2021.02.12-23.00.24:487][128]LogModuleManager: Shutting down and abandoning module FacialAnimation (232)
[2021.02.12-23.00.24:487][128]LogModuleManager: Shutting down and abandoning module AssetManagerEditor (230)
[2021.02.12-23.00.24:487][128]LogModuleManager: Shutting down and abandoning module TreeMap (229)
[2021.02.12-23.00.24:487][128]LogModuleManager: Shutting down and abandoning module AnimationSharing (226)
[2021.02.12-23.00.24:487][128]LogModuleManager: Shutting down and abandoning module LightPropagationVolumeRuntime (224)
[2021.02.12-23.00.24:487][128]LogModuleManager: Shutting down and abandoning module Paper2D (222)
[2021.02.12-23.00.24:487][128]LogModuleManager: Shutting down and abandoning module WindowsMoviePlayer (220)
[2021.02.12-23.00.24:489][128]LogModuleManager: Shutting down and abandoning module WebMMoviePlayer (218)
[2021.02.12-23.00.24:489][128]LogModuleManager: Shutting down and abandoning module NetworkReplayStreaming (216)
[2021.02.12-23.00.24:489][128]LogModuleManager: Shutting down and abandoning module PacketHandler (214)
[2021.02.12-23.00.24:489][128]LogModuleManager: Shutting down and abandoning module ClothingSystemEditor (212)
[2021.02.12-23.00.24:489][128]LogModuleManager: Shutting down and abandoning module ClothingSystemRuntime (210)
[2021.02.12-23.00.24:489][128]LogModuleManager: Shutting down and abandoning module MediaAssets (208)
[2021.02.12-23.00.24:489][128]LogModuleManager: Shutting down and abandoning module Overlay (206)
[2021.02.12-23.00.24:489][128]LogModuleManager: Shutting down and abandoning module OverlayEditor (205)
[2021.02.12-23.00.24:489][128]LogModuleManager: Shutting down and abandoning module VREditor (202)
[2021.02.12-23.00.24:489][128]LogModuleManager: Shutting down and abandoning module StringTableEditor (200)
[2021.02.12-23.00.24:489][128]LogModuleManager: Shutting down and abandoning module GameplayTasksEditor (198)
[2021.02.12-23.00.24:489][128]LogModuleManager: Shutting down and abandoning module BehaviorTreeEditor (196)
[2021.02.12-23.00.24:489][128]LogModuleManager: Shutting down and abandoning module FunctionalTesting (194)
[2021.02.12-23.00.24:489][128]LogModuleManager: Shutting down and abandoning module CollisionAnalyzer (192)
[2021.02.12-23.00.24:489][128]LogModuleManager: Shutting down and abandoning module WorkspaceMenuStructure (191)
[2021.02.12-23.00.24:489][128]LogModuleManager: Shutting down and abandoning module UMG (188)
[2021.02.12-23.00.24:489][128]LogModuleManager: Shutting down and abandoning module UMGEditor (187)
[2021.02.12-23.00.24:489][128]LogModuleManager: Shutting down and abandoning module Sequencer (186)
[2021.02.12-23.00.24:489][128]LogModuleManager: Shutting down and abandoning module MessageLog (183)
[2021.02.12-23.00.24:489][128]LogModuleManager: Shutting down and abandoning module SlateReflector (178)
[2021.02.12-23.00.24:489][128]LogModuleManager: Shutting down and abandoning module Slate (176)
[2021.02.12-23.00.24:490][128]LogModuleManager: Shutting down and abandoning module LandscapeEditorUtilities (174)
[2021.02.12-23.00.24:490][128]LogModuleManager: Shutting down and abandoning module EditorStyle (172)
[2021.02.12-23.00.24:491][128]LogModuleManager: Shutting down and abandoning module UnrealEd (170)
[2021.02.12-23.00.24:491][128]LogModuleManager: Shutting down and abandoning module MRMesh (168)
[2021.02.12-23.00.24:491][128]LogModuleManager: Shutting down and abandoning module Messaging (166)
[2021.02.12-23.00.24:491][128]LogModuleManager: Shutting down and abandoning module SourceCodeAccess (164)
[2021.02.12-23.00.24:491][128]LogModuleManager: Shutting down and abandoning module HeadMountedDisplay (162)
[2021.02.12-23.00.24:491][128]LogModuleManager: Shutting down and abandoning module XAudio2 (160)
[2021.02.12-23.00.24:491][128]LogModuleManager: Shutting down and abandoning module Networking (158)
[2021.02.12-23.00.24:491][128]LogModuleManager: Shutting down and abandoning module Core (156)
[2021.02.12-23.00.24:491][128]LogModuleManager: Shutting down and abandoning module KismetCompiler (154)
[2021.02.12-23.00.24:491][128]LogModuleManager: Shutting down and abandoning module MeshUtilities (152)
[2021.02.12-23.00.24:491][128]LogModuleManager: Shutting down and abandoning module MeshMergeUtilities (151)
[2021.02.12-23.00.24:491][128]LogModuleManager: Shutting down and abandoning module MeshReductionInterface (150)
[2021.02.12-23.00.24:491][128]LogModuleManager: Shutting down and abandoning module SkeletalMeshReduction (149)
[2021.02.12-23.00.24:491][128]LogModuleManager: Shutting down and abandoning module ProxyLODMeshReduction (147)
[2021.02.12-23.00.24:491][128]LogModuleManager: Shutting down and abandoning module QuadricMeshReduction (145)
[2021.02.12-23.00.24:491][128]LogModuleManager: Shutting down and abandoning module MaterialBaking (141)
[2021.02.12-23.00.24:491][128]LogModuleManager: Shutting down and abandoning module NullInstallBundleManager (136)
[2021.02.12-23.00.24:491][128]LogModuleManager: Shutting down and abandoning module PIEPreviewDeviceProfileSelector (134)
[2021.02.12-23.00.24:491][128]LogModuleManager: Shutting down and abandoning module DerivedDataCache (132)
[2021.02.12-23.00.24:583][128]LogDerivedDataCache: Shutdown
[2021.02.12-23.00.24:583][128]LogModuleManager: Shutting down and abandoning module XGEController (130)
[2021.02.12-23.00.24:583][128]LogModuleManager: Shutting down and abandoning module TargetPlatform (128)
[2021.02.12-23.00.24:583][128]LogModuleManager: Shutting down and abandoning module VulkanShaderFormat (127)
[2021.02.12-23.00.24:583][128]LogModuleManager: Shutting down and abandoning module ShaderFormatVectorVM (125)
[2021.02.12-23.00.24:583][128]LogModuleManager: Shutting down and abandoning module ShaderFormatOpenGL (123)
[2021.02.12-23.00.24:583][128]LogModuleManager: Shutting down and abandoning module ShaderFormatD3D (121)
[2021.02.12-23.00.24:583][128]LogModuleManager: Shutting down and abandoning module MetalShaderFormat (119)
[2021.02.12-23.00.24:584][128]LogModuleManager: Shutting down and abandoning module TextureFormatUncompressed (117)
[2021.02.12-23.00.24:584][128]LogModuleManager: Shutting down and abandoning module TextureFormatPVR (115)
[2021.02.12-23.00.24:584][128]LogModuleManager: Shutting down and abandoning module TextureFormatDXT (113)
[2021.02.12-23.00.24:584][128]LogModuleManager: Shutting down and abandoning module TextureFormatIntelISPCTexComp (111)
[2021.02.12-23.00.24:584][128]LogModuleManager: Shutting down and abandoning module TextureFormatASTC (109)
[2021.02.12-23.00.24:584][128]LogModuleManager: Shutting down and abandoning module ImageWrapper (108)
[2021.02.12-23.00.24:584][128]LogModuleManager: Shutting down and abandoning module TextureFormatAndroid (105)
[2021.02.12-23.00.24:584][128]LogModuleManager: Shutting down and abandoning module AudioFormatOpus (103)
[2021.02.12-23.00.24:584][128]LogModuleManager: Shutting down and abandoning module AudioFormatOgg (101)
[2021.02.12-23.00.24:584][128]LogModuleManager: Shutting down and abandoning module AudioFormatADPCM (99)
[2021.02.12-23.00.24:584][128]LogModuleManager: Shutting down and abandoning module WindowsTargetPlatform (97)
[2021.02.12-23.00.24:584][128]LogModuleManager: Shutting down and abandoning module WindowsServerTargetPlatform (95)
[2021.02.12-23.00.24:584][128]LogModuleManager: Shutting down and abandoning module WindowsNoEditorTargetPlatform (93)
[2021.02.12-23.00.24:584][128]LogModuleManager: Shutting down and abandoning module WindowsClientTargetPlatform (91)
[2021.02.12-23.00.24:584][128]LogModuleManager: Shutting down and abandoning module InputCore (88)
[2021.02.12-23.00.24:584][128]LogModuleManager: Shutting down and abandoning module Settings (86)
[2021.02.12-23.00.24:584][128]LogModuleManager: Shutting down and abandoning module PhysXCooking (84)
[2021.02.12-23.00.24:584][128]LogModuleManager: Shutting down and abandoning module WindowsPlatformFeatures (82)
[2021.02.12-23.00.24:584][128]LogModuleManager: Shutting down and abandoning module GameplayMediaEncoder (81)
[2021.02.12-23.00.24:584][128]LogModuleManager: Shutting down and abandoning module SteamVR (78)
[2021.02.12-23.00.24:584][128]LogHMD: Freeing OpenVRDLLHandle.
[2021.02.12-23.00.24:584][128]LogModuleManager: Shutting down and abandoning module OculusHMD (76)
[2021.02.12-23.00.24:584][128]LogModuleManager: Shutting down and abandoning module ExampleDeviceProfileSelector (74)
[2021.02.12-23.00.24:584][128]LogModuleManager: Shutting down and abandoning module LauncherChunkInstaller (72)
[2021.02.12-23.00.24:584][128]LogModuleManager: Shutting down and abandoning module OnlineBlueprintSupport (70)
[2021.02.12-23.00.24:584][128]LogModuleManager: Shutting down and abandoning module OnlineSubsystem (66)
[2021.02.12-23.00.24:584][128]LogModuleManager: Shutting down and abandoning module XMPP (61)
[2021.02.12-23.00.24:584][128]LogModuleManager: Shutting down and abandoning module WebSockets (60)
[2021.02.12-23.00.24:596][128]LogModuleManager: Shutting down and abandoning module HTTP (57)
[2021.02.12-23.00.24:621][128]LogModuleManager: Shutting down and abandoning module SSL (56)
[2021.02.12-23.00.24:624][128]LogModuleManager: Shutting down and abandoning module WmfMedia (52)
[2021.02.12-23.00.24:626][128]LogModuleManager: Shutting down and abandoning module Media (51)
[2021.02.12-23.00.24:628][128]LogModuleManager: Shutting down and abandoning module MagicLeap (48)
[2021.02.12-23.00.24:628][128]LogModuleManager: Shutting down and abandoning module DatasmithContent (46)
[2021.02.12-23.00.24:629][128]LogModuleManager: Shutting down and abandoning module AISupportModule (44)
[2021.02.12-23.00.24:629][128]LogModuleManager: Shutting down and abandoning module PlatformCryptoOpenSSL (42)
[2021.02.12-23.00.24:629][128]LogModuleManager: Shutting down and abandoning module PlatformCrypto (40)
[2021.02.12-23.00.24:629][128]LogModuleManager: Shutting down and abandoning module AnimationModifiers (38)
[2021.02.12-23.00.24:629][128]LogModuleManager: Shutting down and abandoning module PropertyEditor (37)
[2021.02.12-23.00.24:629][128]LogModuleManager: Shutting down and abandoning module AudioEditor (34)
[2021.02.12-23.00.24:630][128]LogModuleManager: Shutting down and abandoning module TextureCompressor (32)
[2021.02.12-23.00.24:630][128]LogModuleManager: Shutting down and abandoning module RenderCore (30)
[2021.02.12-23.00.24:630][128]LogModuleManager: Shutting down and abandoning module Landscape (28)
[2021.02.12-23.00.24:630][128]LogModuleManager: Shutting down and abandoning module SlateRHIRenderer (26)
[2021.02.12-23.00.24:631][128]LogModuleManager: Shutting down and abandoning module OpenGLDrv (24)
[2021.02.12-23.00.24:631][128]LogModuleManager: Shutting down and abandoning module D3D11RHI (22)
[2021.02.12-23.00.24:631][128]LogModuleManager: Shutting down and abandoning module AnimGraphRuntime (20)
[2021.02.12-23.00.24:631][128]LogModuleManager: Shutting down and abandoning module Renderer (18)
[2021.02.12-23.00.24:631][128]LogModuleManager: Shutting down and abandoning module Engine (16)
[2021.02.12-23.00.24:632][128]LogModuleManager: Shutting down and abandoning module CoreUObject (14)
[2021.02.12-23.00.24:632][128]LogModuleManager: Shutting down and abandoning module NetworkFile (12)
[2021.02.12-23.00.24:632][128]LogModuleManager: Shutting down and abandoning module CookedIterativeFile (10)
[2021.02.12-23.00.24:632][128]LogModuleManager: Shutting down and abandoning module StreamingFile (8)
[2021.02.12-23.00.24:632][128]LogModuleManager: Shutting down and abandoning module SandboxFile (6)
[2021.02.12-23.00.24:632][128]LogModuleManager: Shutting down and abandoning module PakFile (4)
[2021.02.12-23.00.24:632][128]LogModuleManager: Shutting down and abandoning module RSA (3)
[2021.02.12-23.00.24:632][128]LogD3D11RHI: Shutdown
[2021.02.12-23.00.24:632][128]LogD3D11RHI: CleanupD3DDevice
[2021.02.12-23.00.24:633][128]LogRendererCore: FGlobalDynamicReadBuffer::Cleanup()
[2021.02.12-23.00.24:633][128]LogRendererCore: FGlobalDynamicReadBuffer::Cleanup()
[2021.02.12-23.00.24:633][128]LogRendererCore: FGlobalDynamicReadBuffer::Cleanup()
[2021.02.12-23.00.24:672][128]LogD3D11RHI: ~FD3D11DynamicRHI
[2021.02.12-23.00.24:675][128]LogExit: Exiting.
[2021.02.12-23.00.24:684][128]Log file closed, 02/13/21 00:00:24
